2016-09-21 11:36:19.660+0000 INFO  [o.n.k.i.f.CommunityFacadeFactory] No locking implementation specified, defaulting to 'community'
2016-09-21 11:36:20.078+0000 WARN  [o.n.k.i.s.f.RecordFormatSelector] Select org.neo4j.kernel.impl.store.format.standard.StandardV3_0 as record format implementation.
2016-09-21 11:36:20.134+0000 INFO  [o.n.k.AvailabilityGuard] Requirement makes database unavailable: Database available
2016-09-21 11:36:20.260+0000 INFO  [o.n.k.i.DiagnosticsManager] --- INITIALIZED diagnostics START ---
2016-09-21 11:36:20.261+0000 INFO  [o.n.k.i.DiagnosticsManager] Neo4j Kernel properties:
2016-09-21 11:36:20.261+0000 INFO  [o.n.k.i.DiagnosticsManager] dbms.connector.0.address=localhost:7688
2016-09-21 11:36:20.261+0000 INFO  [o.n.k.i.DiagnosticsManager] dbms.connector.1.address=localhost:1024
2016-09-21 11:36:20.261+0000 INFO  [o.n.k.i.DiagnosticsManager] unsupported.dbms.block_size.labels=56
2016-09-21 11:36:20.261+0000 INFO  [o.n.k.i.DiagnosticsManager] dbms.security.auth_enabled=false
2016-09-21 11:36:20.261+0000 INFO  [o.n.k.i.DiagnosticsManager] unsupported.dbms.directories.neo4j_home=/Users/Abir/ProjectY/data/neo4j/databases/graph.db
2016-09-21 11:36:20.261+0000 INFO  [o.n.k.i.DiagnosticsManager] dbms.connector.1.type=HTTP
2016-09-21 11:36:20.261+0000 INFO  [o.n.k.i.DiagnosticsManager] dbms.connector.0.tls_level=DISABLED
2016-09-21 11:36:20.261+0000 INFO  [o.n.k.i.DiagnosticsManager] dbms.connector.0.enabled=true
2016-09-21 11:36:20.262+0000 INFO  [o.n.k.i.DiagnosticsManager] dbms.connector.1.enabled=true
2016-09-21 11:36:20.262+0000 INFO  [o.n.k.i.DiagnosticsManager] unsupported.dbms.block_size.strings=120
2016-09-21 11:36:20.262+0000 INFO  [o.n.k.i.DiagnosticsManager] unsupported.dbms.block_size.array_properties=120
2016-09-21 11:36:20.262+0000 INFO  [o.n.k.i.DiagnosticsManager] dbms.memory.pagecache.size=8m
2016-09-21 11:36:20.262+0000 INFO  [o.n.k.i.DiagnosticsManager] dbms.directories.data=data/neo4j
2016-09-21 11:36:20.262+0000 INFO  [o.n.k.i.DiagnosticsManager] unsupported.dbms.edition=community
2016-09-21 11:36:20.262+0000 INFO  [o.n.k.i.DiagnosticsManager] dbms.connector.0.type=BOLT
2016-09-21 11:36:20.262+0000 INFO  [o.n.k.i.DiagnosticsManager] dbms.unmanaged_extension_classes=
2016-09-21 11:36:20.262+0000 INFO  [o.n.k.i.DiagnosticsManager] Diagnostics providers:
2016-09-21 11:36:20.262+0000 INFO  [o.n.k.i.DiagnosticsManager] org.neo4j.kernel.configuration.Config
2016-09-21 11:36:20.263+0000 INFO  [o.n.k.i.DiagnosticsManager] org.neo4j.kernel.info.DiagnosticsManager
2016-09-21 11:36:20.263+0000 INFO  [o.n.k.i.DiagnosticsManager] SYSTEM_MEMORY
2016-09-21 11:36:20.263+0000 INFO  [o.n.k.i.DiagnosticsManager] JAVA_MEMORY
2016-09-21 11:36:20.263+0000 INFO  [o.n.k.i.DiagnosticsManager] OPERATING_SYSTEM
2016-09-21 11:36:20.263+0000 INFO  [o.n.k.i.DiagnosticsManager] JAVA_VIRTUAL_MACHINE
2016-09-21 11:36:20.263+0000 INFO  [o.n.k.i.DiagnosticsManager] CLASSPATH
2016-09-21 11:36:20.263+0000 INFO  [o.n.k.i.DiagnosticsManager] LIBRARY_PATH
2016-09-21 11:36:20.263+0000 INFO  [o.n.k.i.DiagnosticsManager] SYSTEM_PROPERTIES
2016-09-21 11:36:20.263+0000 INFO  [o.n.k.i.DiagnosticsManager] NETWORK
2016-09-21 11:36:20.263+0000 INFO  [o.n.k.i.DiagnosticsManager] System memory information:
2016-09-21 11:36:20.277+0000 INFO  [o.n.k.i.DiagnosticsManager] Total Physical memory: 4.00 GB
2016-09-21 11:36:20.278+0000 INFO  [o.n.k.i.DiagnosticsManager] Free Physical memory: 15.93 MB
2016-09-21 11:36:20.279+0000 INFO  [o.n.k.i.DiagnosticsManager] Committed virtual memory: 4.52 GB
2016-09-21 11:36:20.280+0000 INFO  [o.n.k.i.DiagnosticsManager] Total swap space: 2.00 GB
2016-09-21 11:36:20.281+0000 INFO  [o.n.k.i.DiagnosticsManager] Free swap space: 723.25 MB
2016-09-21 11:36:20.281+0000 INFO  [o.n.k.i.DiagnosticsManager] JVM memory information:
2016-09-21 11:36:20.281+0000 INFO  [o.n.k.i.DiagnosticsManager] Free  memory: 652.60 MB
2016-09-21 11:36:20.281+0000 INFO  [o.n.k.i.DiagnosticsManager] Total memory: 742.00 MB
2016-09-21 11:36:20.281+0000 INFO  [o.n.k.i.DiagnosticsManager] Max   memory: 742.00 MB
2016-09-21 11:36:20.283+0000 INFO  [o.n.k.i.DiagnosticsManager] Garbage Collector: PS Scavenge: [PS Eden Space, PS Survivor Space]
2016-09-21 11:36:20.283+0000 INFO  [o.n.k.i.DiagnosticsManager] Garbage Collector: PS MarkSweep: [PS Eden Space, PS Survivor Space, PS Old Gen]
2016-09-21 11:36:20.284+0000 INFO  [o.n.k.i.DiagnosticsManager] Memory Pool: Code Cache (Non-heap memory): committed=10.06 MB, used=9.86 MB, max=240.00 MB, threshold=0.00 B
2016-09-21 11:36:20.285+0000 INFO  [o.n.k.i.DiagnosticsManager] Memory Pool: Metaspace (Non-heap memory): committed=46.38 MB, used=45.07 MB, max=-1.00 B, threshold=0.00 B
2016-09-21 11:36:20.285+0000 INFO  [o.n.k.i.DiagnosticsManager] Memory Pool: Compressed Class Space (Non-heap memory): committed=6.13 MB, used=5.81 MB, max=1.00 GB, threshold=0.00 B
2016-09-21 11:36:20.285+0000 INFO  [o.n.k.i.DiagnosticsManager] Memory Pool: PS Eden Space (Heap memory): committed=204.50 MB, used=40.67 MB, max=204.50 MB, threshold=?
2016-09-21 11:36:20.285+0000 INFO  [o.n.k.i.DiagnosticsManager] Memory Pool: PS Survivor Space (Heap memory): committed=25.50 MB, used=2.72 MB, max=25.50 MB, threshold=?
2016-09-21 11:36:20.286+0000 INFO  [o.n.k.i.DiagnosticsManager] Memory Pool: PS Old Gen (Heap memory): committed=512.00 MB, used=46.01 MB, max=512.00 MB, threshold=0.00 B
2016-09-21 11:36:20.286+0000 INFO  [o.n.k.i.DiagnosticsManager] Operating system information:
2016-09-21 11:36:20.287+0000 INFO  [o.n.k.i.DiagnosticsManager] Operating System: Mac OS X; version: 10.11.2; arch: x86_64; cpus: 4
2016-09-21 11:36:20.288+0000 INFO  [o.n.k.i.DiagnosticsManager] Max number of file descriptors: 10240
2016-09-21 11:36:20.289+0000 INFO  [o.n.k.i.DiagnosticsManager] Number of open file descriptors: 240
2016-09-21 11:36:20.290+0000 INFO  [o.n.k.i.DiagnosticsManager] Process id: 30684@Abirs-MacBook-Air.local
2016-09-21 11:36:20.290+0000 INFO  [o.n.k.i.DiagnosticsManager] Byte order: LITTLE_ENDIAN
2016-09-21 11:36:20.290+0000 INFO  [o.n.k.i.DiagnosticsManager] Local timezone: America/Phoenix
2016-09-21 11:36:20.290+0000 INFO  [o.n.k.i.DiagnosticsManager] JVM information:
2016-09-21 11:36:20.290+0000 INFO  [o.n.k.i.DiagnosticsManager] VM Name: Java HotSpot(TM) 64-Bit Server VM
2016-09-21 11:36:20.290+0000 INFO  [o.n.k.i.DiagnosticsManager] VM Vendor: Oracle Corporation
2016-09-21 11:36:20.290+0000 INFO  [o.n.k.i.DiagnosticsManager] VM Version: 25.60-b23
2016-09-21 11:36:20.290+0000 INFO  [o.n.k.i.DiagnosticsManager] JIT compiler: HotSpot 64-Bit Tiered Compilers
2016-09-21 11:36:20.292+0000 INFO  [o.n.k.i.DiagnosticsManager] VM Arguments: [-Dendpoints.shutdown.enabled=true, -Denv=development, -Dfull.stacktrace=false, -Dgrails.env=development, -Dgrails.full.stacktrace=false, -Dinfo.app.grailsVersion=3.2.0.RC2, -Dinfo.app.name=ProjectY, -Dinfo.app.version=0.1, -Djdk.reflect.allowGetCallerClass=true, -Drun.active=true, -Dspringloaded=inclusions=grails.plugins..*;synchronize=true;allowSplitPackages=true;cacheDir=/Users/Abir/ProjectY/build/springloaded, -Dverbose=false, -XX:+TieredCompilation, -XX:TieredStopAtLevel=1, -XX:CICompilerCount=3, -javaagent:/Users/Abir/.gradle/caches/modules-2/files-2.1/org.springframework/springloaded/1.2.6.RELEASE/df364cd5f36ae9a01ac4e73ecd138daa735fbbc8/springloaded-1.2.6.RELEASE.jar, -Xverify:none, -Xms768m, -Xmx768m, -Dfile.encoding=UTF-8, -Duser.country=US, -Duser.language=en, -Duser.variant]
2016-09-21 11:36:20.292+0000 INFO  [o.n.k.i.DiagnosticsManager] Java classpath:
2016-09-21 11:36:20.305+0000 INFO  [o.n.k.i.DiagnosticsManager]  [classpath + loader.0] file:/Users/Abir/.gradle/caches/modules-2/files-2.1/org.grails/grails-plugin-databinding/3.2.0.RC2/1280f00bb67482923c6c0ca133fe5663666102f/grails-plugin-databinding-3.2.0.RC2.jar
2016-09-21 11:36:20.305+0000 INFO  [o.n.k.i.DiagnosticsManager]  [classpath + loader.0] file:/Users/Abir/.gradle/caches/modules-2/files-2.1/org.aspectj/aspectjrt/1.8.9/87372d9e2323313bec24b09a325bfea8ae0eb867/aspectjrt-1.8.9.jar
2016-09-21 11:36:20.305+0000 INFO  [o.n.k.i.DiagnosticsManager]  [classpath + loader.0] file:/Users/Abir/.gradle/caches/modules-2/files-2.1/org.springframework/spring-beans/4.3.2.RELEASE/9e87f48f65a33a017f2dd027911947a28be29f93/spring-beans-4.3.2.RELEASE.jar
2016-09-21 11:36:20.305+0000 INFO  [o.n.k.i.DiagnosticsManager]  [classpath + loader.0] file:/Users/Abir/.gradle/caches/modules-2/files-2.1/org.grails/grails-bootstrap/3.2.0.RC2/2532f62059f8376c378431f72031fad7ea33bf36/grails-bootstrap-3.2.0.RC2.jar
2016-09-21 11:36:20.305+0000 INFO  [o.n.k.i.DiagnosticsManager]  [classpath + loader.0] file:/Users/Abir/.gradle/caches/modules-2/files-2.1/org.grails/grails-web-sitemesh/3.2.0.RC2/db25bbfcdaa994709dd602a9aac61ed1f3065526/grails-web-sitemesh-3.2.0.RC2.jar
2016-09-21 11:36:20.305+0000 INFO  [o.n.k.i.DiagnosticsManager]  [classpath + loader.0] file:/Users/Abir/.gradle/caches/modules-2/files-2.1/org.neo4j.3rdparty.javax.ws.rs/jsr311-api/1.1.2.r612/a088198b2cff15b6d595178b1655bc88b858ad58/jsr311-api-1.1.2.r612.jar
2016-09-21 11:36:20.305+0000 INFO  [o.n.k.i.DiagnosticsManager]  [bootstrap] /Library/Java/JavaVirtualMachines/jdk1.8.0_60.jdk/Contents/Home/jre/lib/jsse.jar
2016-09-21 11:36:20.305+0000 INFO  [o.n.k.i.DiagnosticsManager]  [classpath + loader.0] file:/Users/Abir/.gradle/caches/modules-2/files-2.1/org.grails/grails-web-mvc/3.2.0.RC2/a7b852e1661d83770d567667da48404b8101db9b/grails-web-mvc-3.2.0.RC2.jar
2016-09-21 11:36:20.305+0000 INFO  [o.n.k.i.DiagnosticsManager]  [bootstrap] /Library/Java/JavaVirtualMachines/jdk1.8.0_60.jdk/Contents/Home/jre/lib/jfr.jar
2016-09-21 11:36:20.305+0000 INFO  [o.n.k.i.DiagnosticsManager]  [classpath + loader.0] file:/Users/Abir/.gradle/caches/modules-2/files-2.1/org.neo4j/neo4j-io/3.0.2/2218e9570166d03dc7b20529e8d1cc4b5ff1e541/neo4j-io-3.0.2.jar
2016-09-21 11:36:20.305+0000 INFO  [o.n.k.i.DiagnosticsManager]  [classpath + loader.0] file:/Users/Abir/.m2/repository/org/codehaus/jackson/jackson-mapper-asl/1.9.13/jackson-mapper-asl-1.9.13.jar
2016-09-21 11:36:20.305+0000 INFO  [o.n.k.i.DiagnosticsManager]  [classpath + loader.0] file:/Users/Abir/.gradle/caches/modules-2/files-2.1/org.neo4j/neo4j-cypher/3.0.2/c569ee07549f79d88a1fd379b212f415d128fc2f/neo4j-cypher-3.0.2.jar
2016-09-21 11:36:20.305+0000 INFO  [o.n.k.i.DiagnosticsManager]  [classpath + loader.0] file:/Users/Abir/.gradle/caches/modules-2/files-2.1/io.projectreactor.spring/reactor-spring-context/2.0.7.RELEASE/ca4285a0a0ab9d1f39953c086bfcfc5883c06c32/reactor-spring-context-2.0.7.RELEASE.jar
2016-09-21 11:36:20.305+0000 INFO  [o.n.k.i.DiagnosticsManager]  [classpath + loader.0] file:/Users/Abir/.gradle/caches/modules-2/files-2.1/org.jboss/jandex/2.0.0.Final/3e899258936f94649c777193e1be846387ed54b3/jandex-2.0.0.Final.jar
2016-09-21 11:36:20.306+0000 INFO  [o.n.k.i.DiagnosticsManager]  [classpath + loader.0] file:/Users/Abir/.gradle/caches/modules-2/files-2.1/org.grails/grails-web-databinding/3.2.0.RC2/39690fab2a7e8e622220b9a7d3fc21694aca643c/grails-web-databinding-3.2.0.RC2.jar
2016-09-21 11:36:20.306+0000 INFO  [o.n.k.i.DiagnosticsManager]  [classpath + loader.0] file:/Users/Abir/.gradle/caches/modules-2/files-2.1/com.fasterxml.jackson.core/jackson-annotations/2.8.1/4465fda9834ab27eac2a76f9a378738d15a9b4fa/jackson-annotations-2.8.1.jar
2016-09-21 11:36:20.306+0000 INFO  [o.n.k.i.DiagnosticsManager]  [classpath + loader.0] file:/Users/Abir/.gradle/caches/modules-2/files-2.1/org.eclipse.jetty/jetty-io/9.3.11.v20160721/db5f4f481159894a4b670072a34917b5414d0c98/jetty-io-9.3.11.v20160721.jar
2016-09-21 11:36:20.306+0000 INFO  [o.n.k.i.DiagnosticsManager]  [classpath + loader.0] file:/Users/Abir/.gradle/caches/modules-2/files-2.1/org.grails/grails-taglib/3.2.0.RC2/1b550e313e075a28fdd69433bd177af2283c002e/grails-taglib-3.2.0.RC2.jar
2016-09-21 11:36:20.306+0000 INFO  [o.n.k.i.DiagnosticsManager]  [loader.1] file:/Library/Java/JavaVirtualMachines/jdk1.8.0_60.jdk/Contents/Home/jre/lib/ext/nashorn.jar
2016-09-21 11:36:20.306+0000 INFO  [o.n.k.i.DiagnosticsManager]  [classpath + loader.0] file:/Users/Abir/.gradle/caches/modules-2/files-2.1/org.neo4j/neo4j-graph-matching/3.0.2/96fd1a96c64ca5bec8b2213678068f0f3d46cc48/neo4j-graph-matching-3.0.2.jar
2016-09-21 11:36:20.306+0000 INFO  [o.n.k.i.DiagnosticsManager]  [classpath + loader.0] file:/Users/Abir/.gradle/caches/modules-2/files-2.1/io.projectreactor/reactor-stream/2.0.8.RELEASE/9aa8be580e368601021d3953bcf8ed2b3462d26a/reactor-stream-2.0.8.RELEASE.jar
2016-09-21 11:36:20.306+0000 INFO  [o.n.k.i.DiagnosticsManager]  [classpath + loader.0] file:/Users/Abir/.gradle/caches/modules-2/files-2.1/org.slf4j/jcl-over-slf4j/1.7.21/331b564a3a42f002a0004b039c1c430da89062cd/jcl-over-slf4j-1.7.21.jar
2016-09-21 11:36:20.306+0000 INFO  [o.n.k.i.DiagnosticsManager]  [classpath + loader.0] file:/Users/Abir/.gradle/caches/modules-2/files-2.1/org.springframework.boot/spring-boot-actuator/1.4.0.RELEASE/659f8564d7ad87735e0fd9374da6797776457616/spring-boot-actuator-1.4.0.RELEASE.jar
2016-09-21 11:36:20.306+0000 INFO  [o.n.k.i.DiagnosticsManager]  [classpath + loader.0] file:/Users/Abir/.gradle/caches/modules-2/files-2.1/org.springframework.boot/spring-boot/1.4.0.RELEASE/6ae3dd4b1fe3b99e288afe7df9b12e5afe7c3f74/spring-boot-1.4.0.RELEASE.jar
2016-09-21 11:36:20.306+0000 INFO  [o.n.k.i.DiagnosticsManager]  [classpath + loader.0] file:/Users/Abir/.gradle/caches/modules-2/files-2.1/org.grails/grails-codecs/3.2.0.RC2/190ce4080616f3ee18f604b2e4d47497ea0e416/grails-codecs-3.2.0.RC2.jar
2016-09-21 11:36:20.306+0000 INFO  [o.n.k.i.DiagnosticsManager]  [classpath + loader.0] file:/Users/Abir/.gradle/caches/modules-2/files-2.1/org.codehaus.groovy/groovy-xml/2.4.7/864b9dc44fb0e05f329fad473e8b4df172f1b48f/groovy-xml-2.4.7.jar
2016-09-21 11:36:20.306+0000 INFO  [o.n.k.i.DiagnosticsManager]  [classpath + loader.0] file:/Users/Abir/.gradle/caches/modules-2/files-2.1/org.scala-lang/scala-reflect/2.11.8/b74530deeba742ab4f3134de0c2da0edc49ca361/scala-reflect-2.11.8.jar
2016-09-21 11:36:20.306+0000 INFO  [o.n.k.i.DiagnosticsManager]  [classpath + loader.0] file:/Users/Abir/.gradle/caches/modules-2/files-2.1/org.grails/grails-spring/3.2.0.RC2/28401af401b57c9709e8badd62457e97c505b09/grails-spring-3.2.0.RC2.jar
2016-09-21 11:36:20.306+0000 INFO  [o.n.k.i.DiagnosticsManager]  [classpath + loader.0] file:/Users/Abir/.gradle/caches/modules-2/files-2.1/io.projectreactor.spring/reactor-spring-core/2.0.7.RELEASE/b1045de1d670cb1b5885221954e8338bf3938ff5/reactor-spring-core-2.0.7.RELEASE.jar
2016-09-21 11:36:20.306+0000 INFO  [o.n.k.i.DiagnosticsManager]  [classpath + loader.0] file:/Users/Abir/.gradle/caches/modules-2/files-2.1/org.apache.lucene/lucene-codecs/5.5.0/b6d6b847a516b5fee88f7cfcf173cf9564233471/lucene-codecs-5.5.0.jar
2016-09-21 11:36:20.306+0000 INFO  [o.n.k.i.DiagnosticsManager]  [classpath + loader.0] file:/Users/Abir/.gradle/caches/modules-2/files-2.1/org.neo4j/neo4j-kernel/3.0.2/e3b8e5709b91eeabaa075b3f5df4926768b4decb/neo4j-kernel-3.0.2.jar
2016-09-21 11:36:20.306+0000 INFO  [o.n.k.i.DiagnosticsManager]  [bootstrap] /Library/Java/JavaVirtualMachines/jdk1.8.0_60.jdk/Contents/Home/jre/classes
2016-09-21 11:36:20.306+0000 INFO  [o.n.k.i.DiagnosticsManager]  [classpath + loader.0] file:/Users/Abir/.gradle/caches/modules-2/files-2.1/org.neo4j/neo4j-common/3.0.2/40974b6274e804bf90e6eba1a385e1ae08576356/neo4j-common-3.0.2.jar
2016-09-21 11:36:20.306+0000 INFO  [o.n.k.i.DiagnosticsManager]  [classpath + loader.0] file:/Users/Abir/.gradle/caches/modules-2/files-2.1/org.aspectj/aspectjweaver/1.8.9/db28774f477f07220eac18d5ec9c4e01f48589d7/aspectjweaver-1.8.9.jar
2016-09-21 11:36:20.306+0000 INFO  [o.n.k.i.DiagnosticsManager]  [classpath + loader.0] file:/Users/Abir/.gradle/caches/modules-2/files-2.1/org.neo4j/neo4j-graph-algo/3.0.2/9ce84c64dcd4fab829db9469262e31109c944c2d/neo4j-graph-algo-3.0.2.jar
2016-09-21 11:36:20.306+0000 INFO  [o.n.k.i.DiagnosticsManager]  [classpath + loader.0] file:/Users/Abir/.gradle/caches/modules-2/files-2.1/com.google.guava/guava/19.0/6ce200f6b23222af3d8abb6b6459e6c44f4bb0e9/guava-19.0.jar
2016-09-21 11:36:20.306+0000 INFO  [o.n.k.i.DiagnosticsManager]  [loader.1] file:/Library/Java/JavaVirtualMachines/jdk1.8.0_60.jdk/Contents/Home/jre/lib/ext/localedata.jar
2016-09-21 11:36:20.306+0000 INFO  [o.n.k.i.DiagnosticsManager]  [classpath + loader.0] file:/Users/Abir/.gradle/caches/modules-2/files-2.1/org.springframework.boot/spring-boot-starter-tomcat/1.4.0.RELEASE/8f7814b6b975bd1d8d95def4f02721585048fa32/spring-boot-starter-tomcat-1.4.0.RELEASE.jar
2016-09-21 11:36:20.306+0000 INFO  [o.n.k.i.DiagnosticsManager]  [classpath + loader.0] file:/Users/Abir/.gradle/caches/modules-2/files-2.1/org.grails.plugins/scaffolding/3.2.1/82b56d19aff8da7818a17e723c8a49f7499caf26/scaffolding-3.2.1.jar
2016-09-21 11:36:20.306+0000 INFO  [o.n.k.i.DiagnosticsManager]  [classpath + loader.0] file:/Users/Abir/.gradle/caches/modules-2/files-2.1/org.springframework.boot/spring-boot-starter/1.4.0.RELEASE/367371b1b3db0712bc2733f6587417fe811bf26f/spring-boot-starter-1.4.0.RELEASE.jar
2016-09-21 11:36:20.306+0000 INFO  [o.n.k.i.DiagnosticsManager]  [classpath + loader.0] file:/Users/Abir/.gradle/caches/modules-2/files-2.1/com.h2database/h2/1.4.192/1106492605db135523d2817881cdf029d9292afa/h2-1.4.192.jar
2016-09-21 11:36:20.306+0000 INFO  [o.n.k.i.DiagnosticsManager]  [classpath + loader.0] file:/Users/Abir/.m2/repository/com/google/code/findbugs/jsr305/1.3.9/jsr305-1.3.9.jar
2016-09-21 11:36:20.306+0000 INFO  [o.n.k.i.DiagnosticsManager]  [classpath + loader.0] file:/Users/Abir/.gradle/caches/modules-2/files-2.1/com.google.code.gson/gson/2.7/751f548c85fa49f330cecbb1875893f971b33c4e/gson-2.7.jar
2016-09-21 11:36:20.306+0000 INFO  [o.n.k.i.DiagnosticsManager]  [classpath + loader.0] file:/Users/Abir/.gradle/caches/modules-2/files-2.1/org.grails/grails-plugin-async/3.2.0.RC2/9d4e18e5706b3e2ce8a728d6f5576b7f4164a414/grails-plugin-async-3.2.0.RC2.jar
2016-09-21 11:36:20.306+0000 INFO  [o.n.k.i.DiagnosticsManager]  [classpath + loader.0] file:/Users/Abir/.gradle/caches/modules-2/files-2.1/org.apache.tomcat.embed/tomcat-embed-logging-log4j/8.0.33/2607f5b35f7641042414f76cdf2a9d5ec8033294/tomcat-embed-logging-log4j-8.0.33.jar
2016-09-21 11:36:20.306+0000 INFO  [o.n.k.i.DiagnosticsManager]  [classpath + loader.0] file:/Users/Abir/.m2/repository/org/mozilla/rhino/1.7R4/rhino-1.7R4.jar
2016-09-21 11:36:20.306+0000 INFO  [o.n.k.i.DiagnosticsManager]  [classpath + loader.0] file:/Users/Abir/.gradle/caches/modules-2/files-2.1/org.jvnet.mimepull/mimepull/1.9.3/c55096ff89a27e22c2e081371d0570ac19cc6788/mimepull-1.9.3.jar
2016-09-21 11:36:20.306+0000 INFO  [o.n.k.i.DiagnosticsManager]  [classpath + loader.0] file:/Users/Abir/.gradle/caches/modules-2/files-2.1/org.neo4j/neo4j-codegen/3.0.2/cdb4b2dbf8dba5aa25dccd65b003c7b6227f223f/neo4j-codegen-3.0.2.jar
2016-09-21 11:36:20.306+0000 INFO  [o.n.k.i.DiagnosticsManager]  [classpath + loader.0] file:/Users/Abir/.m2/repository/org/apache/commons/commons-lang3/3.3.2/commons-lang3-3.3.2.jar
2016-09-21 11:36:20.306+0000 INFO  [o.n.k.i.DiagnosticsManager]  [classpath + loader.0] file:/Users/Abir/.gradle/caches/modules-2/files-2.1/org.neo4j/neo4j-cypher-compiler-3.0/3.0.2/dec09286f5f3973ca2cfa6fd4d29699291beeeb9/neo4j-cypher-compiler-3.0-3.0.2.jar
2016-09-21 11:36:20.307+0000 INFO  [o.n.k.i.DiagnosticsManager]  [classpath + loader.0] file:/Users/Abir/.gradle/caches/modules-2/files-2.1/org.grails/grails-plugin-controllers/3.2.0.RC2/b864428c7431d6ca906e8b4011be2a1c22a6ef99/grails-plugin-controllers-3.2.0.RC2.jar
2016-09-21 11:36:20.307+0000 INFO  [o.n.k.i.DiagnosticsManager]  [classpath + loader.0] file:/Users/Abir/.gradle/caches/modules-2/files-2.1/com.sun.jersey/jersey-servlet/1.19/2f19f1f7096d0fe3e09ae5698e4427114c23ad03/jersey-servlet-1.19.jar
2016-09-21 11:36:20.307+0000 INFO  [o.n.k.i.DiagnosticsManager]  [classpath + loader.0] file:/Users/Abir/.gradle/caches/modules-2/files-2.1/org.codehaus.gpars/gpars/1.2.1/c3ea0fbcd67a163bd5e3a3efdaa3428262d0d437/gpars-1.2.1.jar
2016-09-21 11:36:20.307+0000 INFO  [o.n.k.i.DiagnosticsManager]  [loader.1] file:/Library/Java/JavaVirtualMachines/jdk1.8.0_60.jdk/Contents/Home/jre/lib/ext/sunec.jar
2016-09-21 11:36:20.307+0000 INFO  [o.n.k.i.DiagnosticsManager]  [classpath + loader.0] file:/Users/Abir/.gradle/caches/modules-2/files-2.1/org.apache.tomcat.embed/tomcat-embed-core/8.5.4/48ee085e4b3f71e98535e4c17c0ce1394812a94a/tomcat-embed-core-8.5.4.jar
2016-09-21 11:36:20.307+0000 INFO  [o.n.k.i.DiagnosticsManager]  [classpath + loader.0] file:/Users/Abir/.gradle/caches/modules-2/files-2.1/org.springframework/springloaded/1.2.6.RELEASE/df364cd5f36ae9a01ac4e73ecd138daa735fbbc8/springloaded-1.2.6.RELEASE.jar
2016-09-21 11:36:20.307+0000 INFO  [o.n.k.i.DiagnosticsManager]  [classpath + loader.0] file:/Users/Abir/.gradle/caches/modules-2/files-2.1/org.reactivestreams/reactive-streams/1.0.0/14b8c877d98005ba3941c9257cfe09f6ed0e0d74/reactive-streams-1.0.0.jar
2016-09-21 11:36:20.307+0000 INFO  [o.n.k.i.DiagnosticsManager]  [classpath + loader.0] file:/Users/Abir/.gradle/caches/modules-2/files-2.1/com.bertramlabs.plugins/asset-pipeline-grails/2.11.1/129b0754de2bc8a1eff72ea19da6cbdb323452eb/asset-pipeline-grails-2.11.1.jar
2016-09-21 11:36:20.307+0000 INFO  [o.n.k.i.DiagnosticsManager]  [classpath + loader.0] file:/Users/Abir/.gradle/caches/modules-2/files-2.1/org.eclipse.jetty/jetty-webapp/9.3.11.v20160721/b8cd66e91e1c9dec17362bac58436e918dae917e/jetty-webapp-9.3.11.v20160721.jar
2016-09-21 11:36:20.307+0000 INFO  [o.n.k.i.DiagnosticsManager]  [classpath + loader.0] file:/Users/Abir/ProjectY/gsp-classes
2016-09-21 11:36:20.307+0000 INFO  [o.n.k.i.DiagnosticsManager]  [classpath + loader.0] file:/Users/Abir/.gradle/caches/modules-2/files-2.1/org.springframework.boot/spring-boot-autoconfigure/1.4.0.RELEASE/86d5e8ab1358d99d54adf7a8f3d01fa933157e88/spring-boot-autoconfigure-1.4.0.RELEASE.jar
2016-09-21 11:36:20.307+0000 INFO  [o.n.k.i.DiagnosticsManager]  [classpath + loader.0] file:/Users/Abir/.gradle/caches/modules-2/files-2.1/org.grails/grails-web-taglib/3.2.0.RC2/972472f7e1788ebb3859efc0d417b149b5aa2436/grails-web-taglib-3.2.0.RC2.jar
2016-09-21 11:36:20.307+0000 INFO  [o.n.k.i.DiagnosticsManager]  [classpath + loader.0] file:/Users/Abir/.gradle/caches/modules-2/files-2.1/com.sun.jersey/jersey-server/1.19/ee2ff839a65097eb12004edd909bcb4a97a2832c/jersey-server-1.19.jar
2016-09-21 11:36:20.307+0000 INFO  [o.n.k.i.DiagnosticsManager]  [classpath + loader.0] file:/Users/Abir/.gradle/caches/modules-2/files-2.1/org.grails/grails-datastore-gorm-neo4j/6.0.0.RC2/15f93f3662a9096da3dd01976012da9b5cb83234/grails-datastore-gorm-neo4j-6.0.0.RC2.jar
2016-09-21 11:36:20.307+0000 INFO  [o.n.k.i.DiagnosticsManager]  [classpath + loader.0] file:/Users/Abir/.gradle/caches/modules-2/files-2.1/org.apache.tomcat.embed/tomcat-embed-el/8.5.4/2d53f2e3b6b456cb7ac82e1549a944db7f5b05bf/tomcat-embed-el-8.5.4.jar
2016-09-21 11:36:20.307+0000 INFO  [o.n.k.i.DiagnosticsManager]  [classpath + loader.0] file:/Users/Abir/.gradle/caches/modules-2/files-2.1/org.jboss.logging/jboss-logging/3.3.0.Final/3616bb87707910296e2c195dc016287080bba5af/jboss-logging-3.3.0.Final.jar
2016-09-21 11:36:20.307+0000 INFO  [o.n.k.i.DiagnosticsManager]  [classpath + loader.0] file:/Users/Abir/.gradle/caches/modules-2/files-2.1/org.neo4j/server-api/3.0.2/4cc6e3a39bdc35aca17971bc7204228e13543085/server-api-3.0.2.jar
2016-09-21 11:36:20.307+0000 INFO  [o.n.k.i.DiagnosticsManager]  [classpath + loader.0] file:/Users/Abir/.gradle/caches/modules-2/files-2.1/org.neo4j/neo4j/3.0.2/e7f8d7f38abe2e1236846b7dc3b27527e24bf0bc/neo4j-3.0.2.pom
2016-09-21 11:36:20.307+0000 INFO  [o.n.k.i.DiagnosticsManager]  [classpath + loader.0] file:/Users/Abir/.gradle/caches/modules-2/files-2.1/commons-digester/commons-digester/2.1/73a8001e7a54a255eef0f03521ec1805dc738ca0/commons-digester-2.1.jar
2016-09-21 11:36:20.307+0000 INFO  [o.n.k.i.DiagnosticsManager]  [classpath + loader.0] file:/Users/Abir/.gradle/caches/modules-2/files-2.1/org.codehaus.groovy/groovy-json/2.4.7/c62bc909e3bb996cbc9509435a522f6fb8cf1461/groovy-json-2.4.7.jar
2016-09-21 11:36:20.307+0000 INFO  [o.n.k.i.DiagnosticsManager]  [classpath + loader.0] file:/Users/Abir/.gradle/caches/modules-2/files-2.1/org.neo4j/neo4j-security/3.0.2/a96470dfa4b8a5e8d9695ca897a40718427d71ef/neo4j-security-3.0.2.jar
2016-09-21 11:36:20.307+0000 INFO  [o.n.k.i.DiagnosticsManager]  [loader.1] file:/Library/Java/JavaVirtualMachines/jdk1.8.0_60.jdk/Contents/Home/jre/lib/ext/cldrdata.jar
2016-09-21 11:36:20.307+0000 INFO  [o.n.k.i.DiagnosticsManager]  [classpath + loader.0] file:/Users/Abir/ProjectY/build/resources/main/
2016-09-21 11:36:20.307+0000 INFO  [o.n.k.i.DiagnosticsManager]  [classpath + loader.0] file:/Users/Abir/.m2/repository/dom4j/dom4j/1.6.1/dom4j-1.6.1.jar
2016-09-21 11:36:20.307+0000 INFO  [o.n.k.i.DiagnosticsManager]  [classpath + loader.0] file:/Users/Abir/.gradle/caches/modules-2/files-2.1/org.grails/grails-web-gsp-taglib/3.2.0.RC2/8c1d036ee93b1ef3133de78a29a746c6280e1fc2/grails-web-gsp-taglib-3.2.0.RC2.jar
2016-09-21 11:36:20.308+0000 INFO  [o.n.k.i.DiagnosticsManager]  [classpath + loader.0] file:/Users/Abir/.m2/repository/javax/ws/rs/jsr311-api/1.1.1/jsr311-api-1.1.1.jar
2016-09-21 11:36:20.308+0000 INFO  [o.n.k.i.DiagnosticsManager]  [classpath + loader.0] file:/Users/Abir/.gradle/caches/modules-2/files-2.1/org.apache.lucene/lucene-queryparser/5.5.0/fddc49725b562fd48dff0cff004336ad2a090a4/lucene-queryparser-5.5.0.jar
2016-09-21 11:36:20.308+0000 INFO  [o.n.k.i.DiagnosticsManager]  [classpath + loader.0] file:/Users/Abir/.gradle/caches/modules-2/files-2.1/org.neo4j/neo4j-cypher-frontend-2.3/2.3.4/fcac7699918f4373dfdeb125ffade9d6d93fecd8/neo4j-cypher-frontend-2.3-2.3.4.jar
2016-09-21 11:36:20.308+0000 INFO  [o.n.k.i.DiagnosticsManager]  [classpath + loader.0] file:/Users/Abir/.m2/repository/javax/servlet/javax.servlet-api/3.1.0/javax.servlet-api-3.1.0.jar
2016-09-21 11:36:20.308+0000 INFO  [o.n.k.i.DiagnosticsManager]  [classpath + loader.0] file:/Users/Abir/.gradle/caches/modules-2/files-2.1/xalan/serializer/2.7.2/24247f3bb052ee068971393bdb83e04512bb1c3c/serializer-2.7.2.jar
2016-09-21 11:36:20.308+0000 INFO  [o.n.k.i.DiagnosticsManager]  [classpath + loader.0] file:/Users/Abir/.gradle/caches/modules-2/files-2.1/org.hibernate/hibernate-ehcache/5.1.1.Final/a77ee500c9aed3175111b9a7eae486f131138e38/hibernate-ehcache-5.1.1.Final.jar
2016-09-21 11:36:20.308+0000 INFO  [o.n.k.i.DiagnosticsManager]  [classpath + loader.0] file:/Users/Abir/.gradle/caches/modules-2/files-2.1/javax.transaction/jta/1.1/2ca09f0b36ca7d71b762e14ea2ff09d5eac57558/jta-1.1.jar
2016-09-21 11:36:20.308+0000 INFO  [o.n.k.i.DiagnosticsManager]  [classpath + loader.0] file:/Users/Abir/.gradle/caches/modules-2/files-2.1/org.slf4j/jul-to-slf4j/1.7.21/2f22c882ffa479d1e9ff4eb0e8e2c29f2a0871ed/jul-to-slf4j-1.7.21.jar
2016-09-21 11:36:20.308+0000 INFO  [o.n.k.i.DiagnosticsManager]  [classpath + loader.0] file:/Users/Abir/.gradle/caches/modules-2/files-2.1/commons-configuration/commons-configuration/1.10/2b36e4adfb66d966c5aef2d73deb6be716389dc9/commons-configuration-1.10.jar
2016-09-21 11:36:20.308+0000 INFO  [o.n.k.i.DiagnosticsManager]  [classpath + loader.0] file:/Users/Abir/ProjectY/build/classes/main/
2016-09-21 11:36:20.308+0000 INFO  [o.n.k.i.DiagnosticsManager]  [classpath + loader.0] file:/Users/Abir/.gradle/caches/modules-2/files-2.1/org.grails.plugins/cache/3.0.3/e857268f939b4b907ce91ff4f5217cfb97abcaa7/cache-3.0.3.jar
2016-09-21 11:36:20.308+0000 INFO  [o.n.k.i.DiagnosticsManager]  [classpath + loader.0] file:/Users/Abir/.gradle/caches/modules-2/files-2.1/org.neo4j/neo4j-lucene-index/3.0.2/406a8fcf6b4311d6b6b4646502872844f46f3f87/neo4j-lucene-index-3.0.2.jar
2016-09-21 11:36:20.308+0000 INFO  [o.n.k.i.DiagnosticsManager]  [classpath + loader.0] file:/Users/Abir/.gradle/caches/modules-2/files-2.1/commons-codec/commons-codec/1.10/4b95f4897fa13f2cd904aee711aeafc0c5295cd8/commons-codec-1.10.jar
2016-09-21 11:36:20.308+0000 INFO  [o.n.k.i.DiagnosticsManager]  [classpath + loader.0] file:/Users/Abir/.gradle/caches/modules-2/files-2.1/org.neo4j/neo4j/3.0.2/9c6a45e2fd52e0e3ef8cd06dc85333363ff607fc/neo4j-3.0.2.jar
2016-09-21 11:36:20.308+0000 INFO  [o.n.k.i.DiagnosticsManager]  [classpath + loader.0] file:/Users/Abir/.gradle/caches/modules-2/files-2.1/org.grails/grails-plugin-gsp/3.2.0.RC2/5f0d4e733121bba58e1316889e9b67a24420b166/grails-plugin-gsp-3.2.0.RC2.jar
2016-09-21 11:36:20.308+0000 INFO  [o.n.k.i.DiagnosticsManager]  [loader.1] file:/System/Library/Java/Extensions/MRJToolkit.jar
2016-09-21 11:36:20.308+0000 INFO  [o.n.k.i.DiagnosticsManager]  [classpath + loader.0] file:/Users/Abir/.gradle/caches/modules-2/files-2.1/org.neo4j/neo4j-dbms/3.0.2/f2d622cd4c2e8e7b24b1ebfc6f536c4efb896499/neo4j-dbms-3.0.2.jar
2016-09-21 11:36:20.308+0000 INFO  [o.n.k.i.DiagnosticsManager]  [classpath + loader.0] file:/Users/Abir/.gradle/caches/modules-2/files-2.1/org.apache.lucene/lucene-backward-codecs/5.5.0/68480974b2f54f519763632a7c1c5d51cbff3805/lucene-backward-codecs-5.5.0.jar
2016-09-21 11:36:20.308+0000 INFO  [o.n.k.i.DiagnosticsManager]  [classpath + loader.0] file:/Users/Abir/.gradle/caches/modules-2/files-2.1/org.codehaus.groovy/groovy-templates/2.4.7/3153f11ab70d65526109d9bcbe4f7b11f60b6fb6/groovy-templates-2.4.7.jar
2016-09-21 11:36:20.308+0000 INFO  [o.n.k.i.DiagnosticsManager]  [classpath + loader.0] file:/Users/Abir/.gradle/caches/modules-2/files-2.1/com.googlecode.concurrentlinkedhashmap/concurrentlinkedhashmap-lru/1.4.2/2eaf3d3c9746d526ff7e5b93931d482c3887e6ac/concurrentlinkedhashmap-lru-1.4.2.jar
2016-09-21 11:36:20.308+0000 INFO  [o.n.k.i.DiagnosticsManager]  [classpath + loader.0] file:/Users/Abir/.m2/repository/org/ow2/asm/asm/5.0.2/asm-5.0.2.jar
2016-09-21 11:36:20.308+0000 INFO  [o.n.k.i.DiagnosticsManager]  [classpath + loader.0] file:/Users/Abir/.gradle/caches/modules-2/files-2.1/com.fasterxml.jackson.core/jackson-databind/2.8.1/c04eb2cc599cd1742889bfa7cc41878db0d152f5/jackson-databind-2.8.1.jar
2016-09-21 11:36:20.308+0000 INFO  [o.n.k.i.DiagnosticsManager]  [classpath + loader.0] file:/Users/Abir/.m2/repository/com/google/protobuf/protobuf-java/2.5.0/protobuf-java-2.5.0.jar
2016-09-21 11:36:20.308+0000 INFO  [o.n.k.i.DiagnosticsManager]  [classpath + loader.0] file:/Users/Abir/.gradle/caches/modules-2/files-2.1/org.grails/grails-plugin-interceptors/3.2.0.RC2/3bf16383beb02ca7890aefa0c0c09ea95cb972f5/grails-plugin-interceptors-3.2.0.RC2.jar
2016-09-21 11:36:20.308+0000 INFO  [o.n.k.i.DiagnosticsManager]  [classpath + loader.0] file:/Users/Abir/.gradle/caches/modules-2/files-2.1/com.bertramlabs.plugins/asset-pipeline-core/2.11.1/ae6b8c4bd4f8af9a6402650f95b8ed29094f06cd/asset-pipeline-core-2.11.1.jar
2016-09-21 11:36:20.308+0000 INFO  [o.n.k.i.DiagnosticsManager]  [classpath + loader.0] file:/Users/Abir/.gradle/caches/modules-2/files-2.1/org.springframework/spring-expression/4.3.2.RELEASE/7676acd4dde9d186b7f882edce3131dc62dcb590/spring-expression-4.3.2.RELEASE.jar
2016-09-21 11:36:20.308+0000 INFO  [o.n.k.i.DiagnosticsManager]  [classpath + loader.0] file:/Users/Abir/.gradle/caches/modules-2/files-2.1/com.sun.jersey.contribs/jersey-multipart/1.19/d94f3da447200adf1422de7fed2ca3c544eb2714/jersey-multipart-1.19.jar
2016-09-21 11:36:20.308+0000 INFO  [o.n.k.i.DiagnosticsManager]  [classpath + loader.0] file:/Users/Abir/.gradle/caches/modules-2/files-2.1/org.apache.lucene/lucene-core/5.5.0/a74fd869bb5ad7fe6b4cd29df9543a34aea81164/lucene-core-5.5.0.jar
2016-09-21 11:36:20.308+0000 INFO  [o.n.k.i.DiagnosticsManager]  [classpath + loader.0] file:/Users/Abir/.gradle/caches/modules-2/files-2.1/org.grails/grails-web-jsp/3.2.0.RC2/84d4fd1d26c2a687662e3d3fa3e42c4216d438ef/grails-web-jsp-3.2.0.RC2.jar
2016-09-21 11:36:20.308+0000 INFO  [o.n.k.i.DiagnosticsManager]  [classpath + loader.0] file:/Users/Abir/.gradle/caches/modules-2/files-2.1/org.springframework/spring-core/4.3.2.RELEASE/fd2f3cf45d3c84f293cb7ee3ab7d24c979495552/spring-core-4.3.2.RELEASE.jar
2016-09-21 11:36:20.308+0000 INFO  [o.n.k.i.DiagnosticsManager]  [classpath + loader.0] file:/Users/Abir/.gradle/caches/modules-2/files-2.1/org.grails/grails-datastore-gorm-hibernate-core/6.0.0.RC2/4968a0cc9692053cebc1cef2f9ded251d201916/grails-datastore-gorm-hibernate-core-6.0.0.RC2.jar
2016-09-21 11:36:20.308+0000 INFO  [o.n.k.i.DiagnosticsManager]  [classpath + loader.0] file:/Users/Abir/.gradle/caches/modules-2/files-2.1/org.eclipse.jetty/jetty-http/9.3.11.v20160721/dcfb95e5b886a981bb76467b911c5b706117f9cf/jetty-http-9.3.11.v20160721.jar
2016-09-21 11:36:20.308+0000 INFO  [o.n.k.i.DiagnosticsManager]  [loader.1] file:/Library/Java/JavaVirtualMachines/jdk1.8.0_60.jdk/Contents/Home/jre/lib/ext/dnsns.jar
2016-09-21 11:36:20.308+0000 INFO  [o.n.k.i.DiagnosticsManager]  [classpath + loader.0] file:/Users/Abir/.gradle/caches/modules-2/files-2.1/org.grails/grails-logging/3.2.0.RC2/d342fec2b17bdae2ccc0aff7dd026b87ae743517/grails-logging-3.2.0.RC2.jar
2016-09-21 11:36:20.308+0000 INFO  [o.n.k.i.DiagnosticsManager]  [classpath + loader.0] file:/Users/Abir/.gradle/caches/modules-2/files-2.1/org.neo4j/neo4j-jmx/3.0.2/c93a37f1a00644dbb40b7b6153395c0e885246d4/neo4j-jmx-3.0.2.jar
2016-09-21 11:36:20.308+0000 INFO  [o.n.k.i.DiagnosticsManager]  [classpath + loader.0] file:/Users/Abir/.gradle/caches/modules-2/files-2.1/org.springframework/spring-tx/4.3.2.RELEASE/dd75075485ddebb1f912102527ff91c4bfbae903/spring-tx-4.3.2.RELEASE.jar
2016-09-21 11:36:20.308+0000 INFO  [o.n.k.i.DiagnosticsManager]  [classpath + loader.0] file:/Users/Abir/.gradle/caches/modules-2/files-2.1/org.codehaus.jackson/jackson-jaxrs/1.9.13/534d72d2b9d6199dd531dfb27083dd4844082bba/jackson-jaxrs-1.9.13.jar
2016-09-21 11:36:20.308+0000 INFO  [o.n.k.i.DiagnosticsManager]  [classpath + loader.0] file:/Users/Abir/.gradle/caches/modules-2/files-2.1/org.codehaus.groovy/groovy-sql/2.4.7/eb13f8aadd7b7c2c920ef52dfda74155e7803255/groovy-sql-2.4.7.jar
2016-09-21 11:36:20.309+0000 INFO  [o.n.k.i.DiagnosticsManager]  [classpath + loader.0] file:/Users/Abir/.m2/repository/org/codehaus/jackson/jackson-core-asl/1.9.13/jackson-core-asl-1.9.13.jar
2016-09-21 11:36:20.309+0000 INFO  [o.n.k.i.DiagnosticsManager]  [classpath + loader.0] file:/Users/Abir/.gradle/caches/modules-2/files-2.1/org.springframework/spring-webmvc/4.3.2.RELEASE/99b68a8aca2ed67ad523e7341a90dd1c90fd669e/spring-webmvc-4.3.2.RELEASE.jar
2016-09-21 11:36:20.309+0000 INFO  [o.n.k.i.DiagnosticsManager]  [classpath + loader.0] file:/Users/Abir/.gradle/caches/modules-2/files-2.1/org.eclipse.jetty/jetty-server/9.3.11.v20160721/d932e0dc1e9bd4839ae446754615163d60271a66/jetty-server-9.3.11.v20160721.jar
2016-09-21 11:36:20.309+0000 INFO  [o.n.k.i.DiagnosticsManager]  [classpath + loader.0] file:/Users/Abir/.gradle/caches/modules-2/files-2.1/ch.qos.logback/logback-classic/1.1.7/9865cf6994f9ff13fce0bf93f2054ef6c65bb462/logback-classic-1.1.7.jar
2016-09-21 11:36:20.309+0000 INFO  [o.n.k.i.DiagnosticsManager]  [classpath + loader.0] file:/Users/Abir/.gradle/caches/modules-2/files-2.1/org.grails/grails-datastore-async/6.0.0.RC2/68f0a17fe68ba1c65afa3251d6c36310385c1cb3/grails-datastore-async-6.0.0.RC2.jar
2016-09-21 11:36:20.309+0000 INFO  [o.n.k.i.DiagnosticsManager]  [classpath + loader.0] file:/Users/Abir/.gradle/caches/modules-2/files-2.1/opensymphony/sitemesh/2.4/fa84c82cce30a9a632c08dd2277d63993d972cf5/sitemesh-2.4.jar
2016-09-21 11:36:20.309+0000 INFO  [o.n.k.i.DiagnosticsManager]  [classpath + loader.0] file:/Users/Abir/.m2/repository/antlr/antlr/2.7.7/antlr-2.7.7.jar
2016-09-21 11:36:20.309+0000 INFO  [o.n.k.i.DiagnosticsManager]  [classpath + loader.0] file:/Users/Abir/.gradle/caches/modules-2/files-2.1/ch.qos.logback/logback-core/1.1.7/7873092d39ef741575ca91378a6a21c388363ac8/logback-core-1.1.7.jar
2016-09-21 11:36:20.309+0000 INFO  [o.n.k.i.DiagnosticsManager]  [classpath + loader.0] file:/Users/Abir/.gradle/caches/modules-2/files-2.1/org.neo4j/neo4j-bolt/3.0.2/a7fa5ae4e3cf3960823ff4c366664ec64246bbe/neo4j-bolt-3.0.2.jar
2016-09-21 11:36:20.309+0000 INFO  [o.n.k.i.DiagnosticsManager]  [classpath + loader.0] file:/Users/Abir/.gradle/caches/modules-2/files-2.1/org.grails/grails-plugin-domain-class/3.2.0.RC2/e71efc030e89ca47e7da1362c342bf8377e8b7d5/grails-plugin-domain-class-3.2.0.RC2.jar
2016-09-21 11:36:20.309+0000 INFO  [o.n.k.i.DiagnosticsManager]  [classpath + loader.0] file:/Users/Abir/.gradle/caches/modules-2/files-2.1/io.netty/netty-all/4.0.28.Final/46bd59cebed5c5207a8ecf32e35a08f9d3b5dd61/netty-all-4.0.28.Final.jar
2016-09-21 11:36:20.309+0000 INFO  [o.n.k.i.DiagnosticsManager]  [classpath + loader.0] file:/Users/Abir/.gradle/caches/modules-2/files-2.1/com.google.javascript/closure-compiler-externs/v20160713/36c8fa2e53148f8f00070d1d5df6e065bd9ebfb3/closure-compiler-externs-v20160713.jar
2016-09-21 11:36:20.309+0000 INFO  [o.n.k.i.DiagnosticsManager]  [classpath + loader.0] file:/Users/Abir/.gradle/caches/modules-2/files-2.1/org.grails/grails-plugin-codecs/3.2.0.RC2/a52b22ffe622ddf73046640ca9e3e8d10a510f2f/grails-plugin-codecs-3.2.0.RC2.jar
2016-09-21 11:36:20.309+0000 INFO  [o.n.k.i.DiagnosticsManager]  [classpath + loader.0] file:/Users/Abir/.gradle/caches/modules-2/files-2.1/org.grails/grails-gsp/3.2.0.RC2/6e553d19d1d868cb13a9c3dd418f0698cdcaf2a9/grails-gsp-3.2.0.RC2.jar
2016-09-21 11:36:20.309+0000 INFO  [o.n.k.i.DiagnosticsManager]  [classpath + loader.0] file:/Users/Abir/.gradle/caches/modules-2/files-2.1/org.grails/grails-plugin-i18n/3.2.0.RC2/abc521060e87e7001b5289ec6938b1e4e3e808b9/grails-plugin-i18n-3.2.0.RC2.jar
2016-09-21 11:36:20.309+0000 INFO  [o.n.k.i.DiagnosticsManager]  [classpath + loader.0] file:/Users/Abir/.gradle/caches/modules-2/files-2.1/org.grails/grails-datastore-gorm-support/6.0.0.RC2/3bd9828dc4c5392d7f30dd60ba8c8159b7b02310/grails-datastore-gorm-support-6.0.0.RC2.jar
2016-09-21 11:36:20.309+0000 INFO  [o.n.k.i.DiagnosticsManager]  [classpath + loader.0] file:/Users/Abir/.gradle/caches/modules-2/files-2.1/org.springframework.boot/spring-boot-starter-logging/1.4.0.RELEASE/f8a03e08df913fad5ffa327a923eba0585a05238/spring-boot-starter-logging-1.4.0.RELEASE.jar
2016-09-21 11:36:20.309+0000 INFO  [o.n.k.i.DiagnosticsManager]  [classpath + loader.0] file:/Users/Abir/.gradle/caches/modules-2/files-2.1/net.sf.ehcache/ehcache/2.10.2.2.21/a9b07e3bfb0c9f5f00b633a0c2d67cdf1dd55854/ehcache-2.10.2.2.21.jar
2016-09-21 11:36:20.309+0000 INFO  [o.n.k.i.DiagnosticsManager]  [classpath + loader.0] file:/Users/Abir/.gradle/caches/modules-2/files-2.1/org.grails.plugins/hibernate5/6.0.0.RC2/c4109e205ec7f785cadd9c68b2606d36408da3a8/hibernate5-6.0.0.RC2.jar
2016-09-21 11:36:20.309+0000 INFO  [o.n.k.i.DiagnosticsManager]  [classpath + loader.0] file:/Users/Abir/.gradle/caches/modules-2/files-2.1/org.grails/grails-plugin-events/3.2.0.RC2/d42142a368011d6f944eb31613fa561c53b49e61/grails-plugin-events-3.2.0.RC2.jar
2016-09-21 11:36:20.309+0000 INFO  [o.n.k.i.DiagnosticsManager]  [classpath + loader.0] file:/Users/Abir/.gradle/caches/modules-2/files-2.1/jline/jline/2.12/ce9062c6a125e0f9ad766032573c041ae8ecc986/jline-2.12.jar
2016-09-21 11:36:20.309+0000 INFO  [o.n.k.i.DiagnosticsManager]  [classpath + loader.0] file:/Users/Abir/.gradle/caches/modules-2/files-2.1/org.grails/grails-datastore-gorm/6.0.0.RC2/5d3913b219fb793158b25139ee26d5be215bb14a/grails-datastore-gorm-6.0.0.RC2.jar
2016-09-21 11:36:20.309+0000 INFO  [o.n.k.i.DiagnosticsManager]  [classpath + loader.0] file:/Users/Abir/.gradle/caches/modules-2/files-2.1/org.springframework/spring-web/4.3.2.RELEASE/562b3b775b6e8e7113b5d23b21946f939658bd19/spring-web-4.3.2.RELEASE.jar
2016-09-21 11:36:20.309+0000 INFO  [o.n.k.i.DiagnosticsManager]  [classpath + loader.0] file:/Users/Abir/.gradle/caches/modules-2/files-2.1/org.grails/grails-datastore-web/6.0.0.RC2/62890f80d017d028ee77a2c8a57d3db39fe7d452/grails-datastore-web-6.0.0.RC2.jar
2016-09-21 11:36:20.309+0000 INFO  [o.n.k.i.DiagnosticsManager]  [classpath + loader.0] file:/Users/Abir/.m2/repository/net/sf/opencsv/opencsv/2.3/opencsv-2.3.jar
2016-09-21 11:36:20.309+0000 INFO  [o.n.k.i.DiagnosticsManager]  [classpath + loader.0] file:/Users/Abir/.gradle/caches/modules-2/files-2.1/org.eclipse.jetty/jetty-util/9.3.11.v20160721/1812ffd5a04698051180d582c146ca807760c808/jetty-util-9.3.11.v20160721.jar
2016-09-21 11:36:20.309+0000 INFO  [o.n.k.i.DiagnosticsManager]  [classpath + loader.0] file:/Users/Abir/.gradle/caches/modules-2/files-2.1/org.grails.plugins/neo4j/6.0.0.RC2/cfaa19fdfdd3ee791dcc0926c215c3121b2c3a21/neo4j-6.0.0.RC2.jar
2016-09-21 11:36:20.309+0000 INFO  [o.n.k.i.DiagnosticsManager]  [classpath + loader.0] file:/Users/Abir/.gradle/caches/modules-2/files-2.1/org.grails/grails-web-gsp/3.2.0.RC2/7518a87e0ed52e2f634cad8de2922c591293567b/grails-web-gsp-3.2.0.RC2.jar
2016-09-21 11:36:20.309+0000 INFO  [o.n.k.i.DiagnosticsManager]  [classpath + loader.0] file:/Users/Abir/.gradle/caches/modules-2/files-2.1/com.fasterxml/classmate/1.3.1/2ad2fd09dcf5607ca96f8ef432096a96986c40a/classmate-1.3.1.jar
2016-09-21 11:36:20.309+0000 INFO  [o.n.k.i.DiagnosticsManager]  [classpath + loader.0] file:/Users/Abir/.gradle/caches/modules-2/files-2.1/org.apache.lucene/lucene-analyzers-common/5.5.0/1e0e8243a4410be20c34683034fafa7bb52e55cc/lucene-analyzers-common-5.5.0.jar
2016-09-21 11:36:20.309+0000 INFO  [o.n.k.i.DiagnosticsManager]  [classpath + loader.0] file:/Users/Abir/.gradle/caches/modules-2/files-2.1/org.apache.tomcat/tomcat-juli/8.5.4/d4312ba583aa62f08a0b22beddc816a2da419d4c/tomcat-juli-8.5.4.jar
2016-09-21 11:36:20.309+0000 INFO  [o.n.k.i.DiagnosticsManager]  [classpath + loader.0] file:/Users/Abir/.gradle/caches/modules-2/files-2.1/org.grails/grails-plugin-validation/3.2.0.RC2/a3229edc5871d7e28b825ce5afac098752116e2d/grails-plugin-validation-3.2.0.RC2.jar
2016-09-21 11:36:20.309+0000 INFO  [o.n.k.i.DiagnosticsManager]  [classpath + loader.0] file:/Users/Abir/.gradle/caches/modules-2/files-2.1/org.neo4j/neo4j-cypher-compiler-2.3/2.3.4/71ca2819524c430eda8c228310718194e03d914/neo4j-cypher-compiler-2.3-2.3.4.jar
2016-09-21 11:36:20.309+0000 INFO  [o.n.k.i.DiagnosticsManager]  [classpath + loader.0] file:/Users/Abir/.gradle/caches/modules-2/files-2.1/org.bouncycastle/bcprov-jdk15on/1.53/9d3def2fa5a0d2ed0c1146e9945df10d29eb4ccb/bcprov-jdk15on-1.53.jar
2016-09-21 11:36:20.309+0000 INFO  [o.n.k.i.DiagnosticsManager]  [bootstrap] /Library/Java/JavaVirtualMachines/jdk1.8.0_60.jdk/Contents/Home/jre/lib/charsets.jar
2016-09-21 11:36:20.309+0000 INFO  [o.n.k.i.DiagnosticsManager]  [classpath + loader.0] file:/Users/Abir/.gradle/caches/modules-2/files-2.1/org.neo4j/neo4j-unsafe/3.0.2/4f8090c2162754c6a31b318c2762a76b491701d3/neo4j-unsafe-3.0.2.jar
2016-09-21 11:36:20.309+0000 INFO  [o.n.k.i.DiagnosticsManager]  [classpath + loader.0] file:/Users/Abir/.gradle/caches/modules-2/files-2.1/org.hibernate.javax.persistence/hibernate-jpa-2.1-api/1.0.0.Final/5e731d961297e5a07290bfaf3db1fbc8bbbf405a/hibernate-jpa-2.1-api-1.0.0.Final.jar
2016-09-21 11:36:20.309+0000 INFO  [o.n.k.i.DiagnosticsManager]  [classpath + loader.0] file:/Users/Abir/.gradle/caches/modules-2/files-2.1/org.scala-lang/scala-library/2.11.8/ddd5a8bced249bedd86fb4578a39b9fb71480573/scala-library-2.11.8.jar
2016-09-21 11:36:20.309+0000 INFO  [o.n.k.i.DiagnosticsManager]  [classpath + loader.0] file:/Users/Abir/.m2/repository/commons-io/commons-io/2.4/commons-io-2.4.jar
2016-09-21 11:36:20.309+0000 INFO  [o.n.k.i.DiagnosticsManager]  [classpath + loader.0] file:/Users/Abir/.gradle/caches/modules-2/files-2.1/com.goldmansachs/gs-collections-api/5.1.0/ea605cdf64cab5fc7b48c99f061d4c8db05b6ff1/gs-collections-api-5.1.0.jar
2016-09-21 11:36:20.309+0000 INFO  [o.n.k.i.DiagnosticsManager]  [classpath + loader.0] file:/Users/Abir/.m2/repository/args4j/args4j/2.0.26/args4j-2.0.26.jar
2016-09-21 11:36:20.309+0000 INFO  [o.n.k.i.DiagnosticsManager]  [classpath + loader.0] file:/Users/Abir/.gradle/caches/modules-2/files-2.1/org.neo4j.client/neo4j-browser/1.1.6/17bbc15792f4d370b38f200524a6760fa1da4fc7/neo4j-browser-1.1.6.jar
2016-09-21 11:36:20.309+0000 INFO  [o.n.k.i.DiagnosticsManager]  [bootstrap] /Library/Java/JavaVirtualMachines/jdk1.8.0_60.jdk/Contents/Home/jre/lib/resources.jar
2016-09-21 11:36:20.309+0000 INFO  [o.n.k.i.DiagnosticsManager]  [classpath + loader.0] file:/Users/Abir/.gradle/caches/modules-2/files-2.1/org.neo4j/neo4j-io/3.0.2/576e76e9b15cb9a3dfe4459b37800a9b193882c2/neo4j-io-3.0.2-tests.jar
2016-09-21 11:36:20.309+0000 INFO  [o.n.k.i.DiagnosticsManager]  [classpath + loader.0] file:/Users/Abir/.gradle/caches/modules-2/files-2.1/com.google.javascript/closure-compiler/v20160713/534e9057a5a2dc9bded7e47c5cbf1033b57df122/closure-compiler-v20160713.jar
2016-09-21 11:36:20.309+0000 INFO  [o.n.k.i.DiagnosticsManager]  [classpath + loader.0] file:/Users/Abir/.gradle/caches/modules-2/files-2.1/com.goldmansachs/gs-collections/5.1.0/7114c5349c816ea645b1ea3ffcc21fa073cbabc/gs-collections-5.1.0.jar
2016-09-21 11:36:20.310+0000 INFO  [o.n.k.i.DiagnosticsManager]  [bootstrap] /Library/Java/JavaVirtualMachines/jdk1.8.0_60.jdk/Contents/Home/jre/lib/rt.jar
2016-09-21 11:36:20.310+0000 INFO  [o.n.k.i.DiagnosticsManager]  [classpath + loader.0] file:/Users/Abir/.gradle/caches/modules-2/files-2.1/org.hibernate/hibernate-core/5.1.1.Final/d5a390c119927354b2084677307d8c3c02e5b078/hibernate-core-5.1.1.Final.jar
2016-09-21 11:36:20.310+0000 INFO  [o.n.k.i.DiagnosticsManager]  [classpath + loader.0] file:/Users/Abir/.gradle/caches/modules-2/files-2.1/org.codehaus.groovy/groovy/2.4.7/10870e6511f544ce45152d0ad08d7514a00c8201/groovy-2.4.7.jar
2016-09-21 11:36:20.310+0000 INFO  [o.n.k.i.DiagnosticsManager]  [classpath + loader.0] file:/Users/Abir/.gradle/caches/modules-2/files-2.1/org.slf4j/log4j-over-slf4j/1.7.21/b3700d97464d99bdcd42c0177d6e7951c94d75ff/log4j-over-slf4j-1.7.21.jar
2016-09-21 11:36:20.310+0000 INFO  [o.n.k.i.DiagnosticsManager]  [classpath + loader.0] file:/Users/Abir/.gradle/caches/modules-2/files-2.1/org.neo4j/neo4j-csv/3.0.2/34fc827d2f6bef4edac38a8139f8cf03f8b312d4/neo4j-csv-3.0.2.jar
2016-09-21 11:36:20.310+0000 INFO  [o.n.k.i.DiagnosticsManager]  [classpath + loader.0] file:/Users/Abir/.m2/repository/org/parboiled/parboiled-scala_2.11/1.1.7/parboiled-scala_2.11-1.1.7.jar
2016-09-21 11:36:20.310+0000 INFO  [o.n.k.i.DiagnosticsManager]  [loader.1] file:/Library/Java/JavaVirtualMachines/jdk1.8.0_60.jdk/Contents/Home/jre/lib/ext/sunjce_provider.jar
2016-09-21 11:36:20.310+0000 INFO  [o.n.k.i.DiagnosticsManager]  [classpath + loader.0] file:/Users/Abir/.gradle/caches/modules-2/files-2.1/org.grails/grails-web-boot/3.2.0.RC2/53e714b5e49ac2ababe24d275ca0beea09bfd615/grails-web-boot-3.2.0.RC2.jar
2016-09-21 11:36:20.310+0000 INFO  [o.n.k.i.DiagnosticsManager]  [classpath + loader.0] file:/Users/Abir/.gradle/caches/modules-2/files-2.1/org.springframework/spring-context/4.3.2.RELEASE/e52782b824e097c3b1586b497fc6be0e95020770/spring-context-4.3.2.RELEASE.jar
2016-09-21 11:36:20.310+0000 INFO  [o.n.k.i.DiagnosticsManager]  [classpath + loader.0] file:/Users/Abir/.gradle/caches/modules-2/files-2.1/org.neo4j/neo4j-lucene-upgrade/3.0.2/1d6f0f1fcaba040f06a01833fa3cbf6e66b7d299/neo4j-lucene-upgrade-3.0.2.jar
2016-09-21 11:36:20.310+0000 INFO  [o.n.k.i.DiagnosticsManager]  [classpath + loader.0] file:/Users/Abir/.gradle/caches/modules-2/files-2.1/org.springframework/spring-aspects/4.3.2.RELEASE/bdb8ccdfd7e52c6e7b9a187327b1be04e0e2ac1f/spring-aspects-4.3.2.RELEASE.jar
2016-09-21 11:36:20.310+0000 INFO  [o.n.k.i.DiagnosticsManager]  [classpath + loader.0] file:/Users/Abir/.gradle/caches/modules-2/files-2.1/org.grails/grails-databinding/3.2.0.RC2/b52250ac51b3a7d7c5dff901c3ea30df0d48838d/grails-databinding-3.2.0.RC2.jar
2016-09-21 11:36:20.310+0000 INFO  [o.n.k.i.DiagnosticsManager]  [classpath + loader.0] file:/Users/Abir/.gradle/caches/modules-2/files-2.1/org.bouncycastle/bcpkix-jdk15on/1.53/a95b3dec919267af451256c2e6bf811b7f2da8e6/bcpkix-jdk15on-1.53.jar
2016-09-21 11:36:20.310+0000 INFO  [o.n.k.i.DiagnosticsManager]  [classpath + loader.0] file:/Users/Abir/.m2/repository/org/parboiled/parboiled-core/1.1.7/parboiled-core-1.1.7.jar
2016-09-21 11:36:20.310+0000 INFO  [o.n.k.i.DiagnosticsManager]  [classpath + loader.0] file:/Users/Abir/.gradle/caches/modules-2/files-2.1/org.grails/grails-datastore-simple/6.0.0.RC2/9c4efbcc28ffd6a5c5160265b96102cac46f27f8/grails-datastore-simple-6.0.0.RC2.jar
2016-09-21 11:36:20.310+0000 INFO  [o.n.k.i.DiagnosticsManager]  [classpath + loader.0] file:/Users/Abir/.gradle/caches/modules-2/files-2.1/commons-lang/commons-lang/2.6/ce1edb914c94ebc388f086c6827e8bdeec71ac2/commons-lang-2.6.jar
2016-09-21 11:36:20.310+0000 INFO  [o.n.k.i.DiagnosticsManager]  [classpath + loader.0] file:/Users/Abir/.gradle/caches/modules-2/files-2.1/org.springframework/spring-context-support/4.3.2.RELEASE/bf6e7cdb1dd25f5d9fbe76dc4fb01fec7b92af2e/spring-context-support-4.3.2.RELEASE.jar
2016-09-21 11:36:20.310+0000 INFO  [o.n.k.i.DiagnosticsManager]  [classpath + loader.0] file:/Users/Abir/.gradle/caches/modules-2/files-2.1/org.neo4j.test/neo4j-harness/3.0.2/6ceb577ca0da8fcb669e09ec1a7ced9f60dff982/neo4j-harness-3.0.2.jar
2016-09-21 11:36:20.310+0000 INFO  [o.n.k.i.DiagnosticsManager]  [classpath + loader.0] file:/Users/Abir/.gradle/caches/modules-2/files-2.1/org.neo4j.driver/neo4j-java-driver/1.0.5/ee5918ec84080ed8ac32f532cac415bf6be85c21/neo4j-java-driver-1.0.5.jar
2016-09-21 11:36:20.310+0000 INFO  [o.n.k.i.DiagnosticsManager]  [classpath + loader.0] file:/Users/Abir/.gradle/caches/modules-2/files-2.1/org.neo4j/neo4j-shell/3.0.2/d0024a7db678ab2bd7f6d0d58497d57daee0ec1/neo4j-shell-3.0.2.jar
2016-09-21 11:36:20.310+0000 INFO  [o.n.k.i.DiagnosticsManager]  [classpath + loader.0] file:/Users/Abir/.gradle/caches/modules-2/files-2.1/org.apache.tomcat.embed/tomcat-embed-websocket/8.5.4/211d26f536aee3283345aa5b1c479e937401fcd2/tomcat-embed-websocket-8.5.4.jar
2016-09-21 11:36:20.310+0000 INFO  [o.n.k.i.DiagnosticsManager]  [classpath + loader.0] file:/Users/Abir/.gradle/caches/modules-2/files-2.1/org.neo4j/neo4j-consistency-check/3.0.2/6a332374e43006de3558037e19a04d6e6fd1328f/neo4j-consistency-check-3.0.2.jar
2016-09-21 11:36:20.310+0000 INFO  [o.n.k.i.DiagnosticsManager]  [classpath + loader.0] file:/Users/Abir/.gradle/caches/modules-2/files-2.1/commons-validator/commons-validator/1.5.1/86d05a46e8f064b300657f751b5a98c62807e2a0/commons-validator-1.5.1.jar
2016-09-21 11:36:20.310+0000 INFO  [o.n.k.i.DiagnosticsManager]  [classpath + loader.0] file:/Users/Abir/.gradle/caches/modules-2/files-2.1/org.eclipse.jetty/jetty-servlet/9.3.11.v20160721/d550147b85c73ea81084a4ac7915ba7f609021c5/jetty-servlet-9.3.11.v20160721.jar
2016-09-21 11:36:20.310+0000 INFO  [o.n.k.i.DiagnosticsManager]  [classpath + loader.0] file:/Users/Abir/.gradle/caches/modules-2/files-2.1/org.grails/grails-plugin-converters/3.2.0.RC2/6f2f4c396b99cbfe872420c962fcec2aa3e2c5c1/grails-plugin-converters-3.2.0.RC2.jar
2016-09-21 11:36:20.310+0000 INFO  [o.n.k.i.DiagnosticsManager]  [classpath + loader.0] file:/Users/Abir/.gradle/caches/modules-2/files-2.1/org.springframework.boot/spring-boot-starter-actuator/1.4.0.RELEASE/513a3e5bf25772708d27b68e413290e637d706aa/spring-boot-starter-actuator-1.4.0.RELEASE.jar
2016-09-21 11:36:20.310+0000 INFO  [o.n.k.i.DiagnosticsManager]  [classpath + loader.0] file:/Users/Abir/.gradle/caches/modules-2/files-2.1/org.grails/grails-web-url-mappings/3.2.0.RC2/267f7c68074878d1b97d277d8bd05256083be310/grails-web-url-mappings-3.2.0.RC2.jar
2016-09-21 11:36:20.310+0000 INFO  [o.n.k.i.DiagnosticsManager]  [classpath + loader.0] file:/Users/Abir/.m2/repository/org/apache/geronimo/specs/geronimo-jta_1.1_spec/1.1.1/geronimo-jta_1.1_spec-1.1.1.jar
2016-09-21 11:36:20.310+0000 INFO  [o.n.k.i.DiagnosticsManager]  [classpath + loader.0] file:/Users/Abir/.gradle/caches/modules-2/files-2.1/org.grails/grails-plugin-rest/3.2.0.RC2/a70a18d821eedaab2d4d5bf9c3ff15a7358bebc/grails-plugin-rest-3.2.0.RC2.jar
2016-09-21 11:36:20.310+0000 INFO  [o.n.k.i.DiagnosticsManager]  [classpath + loader.0] file:/Users/Abir/.gradle/caches/modules-2/files-2.1/org.springframework/spring-jdbc/4.3.2.RELEASE/d60bd9daf7d819c72e6a27fad16c4683b2e7df11/spring-jdbc-4.3.2.RELEASE.jar
2016-09-21 11:36:20.310+0000 INFO  [o.n.k.i.DiagnosticsManager]  [classpath + loader.0] file:/Users/Abir/.gradle/caches/modules-2/files-2.1/org.neo4j/neo4j-collections/3.0.2/eef972947458b768548ed8266fff9a68e14528d0/neo4j-collections-3.0.2.jar
2016-09-21 11:36:20.310+0000 INFO  [o.n.k.i.DiagnosticsManager]  [classpath + loader.0] file:/Users/Abir/.gradle/caches/modules-2/files-2.1/org.grails/grails-encoder/3.2.0.RC2/71b25a8e785fcc2fac5d2c23687bdfcc333e67e4/grails-encoder-3.2.0.RC2.jar
2016-09-21 11:36:20.310+0000 INFO  [o.n.k.i.DiagnosticsManager]  [classpath + loader.0] file:/Users/Abir/.gradle/caches/modules-2/files-2.1/org.yaml/snakeyaml/1.17/7a27ea250c5130b2922b86dea63cbb1cc10a660c/snakeyaml-1.17.jar
2016-09-21 11:36:20.310+0000 INFO  [o.n.k.i.DiagnosticsManager]  [classpath + loader.0] file:/Users/Abir/.gradle/caches/modules-2/files-2.1/commons-collections/commons-collections/3.2.2/8ad72fe39fa8c91eaaf12aadb21e0c3661fe26d5/commons-collections-3.2.2.jar
2016-09-21 11:36:20.310+0000 INFO  [o.n.k.i.DiagnosticsManager]  [classpath + loader.0] file:/Users/Abir/.gradle/caches/modules-2/files-2.1/org.grails/grails-plugin-mimetypes/3.2.0.RC2/ad8e895675b30d0e59e468db5b4b2e1712e9de/grails-plugin-mimetypes-3.2.0.RC2.jar
2016-09-21 11:36:20.310+0000 INFO  [o.n.k.i.DiagnosticsManager]  [bootstrap] /Library/Java/JavaVirtualMachines/jdk1.8.0_60.jdk/Contents/Home/jre/lib/jce.jar
2016-09-21 11:36:20.310+0000 INFO  [o.n.k.i.DiagnosticsManager]  [classpath + loader.0] file:/Users/Abir/.gradle/caches/modules-2/files-2.1/org.grails/grails-datastore-core/6.0.0.RC2/4dea512eabd4bfab263aed317412896ce1d7177c/grails-datastore-core-6.0.0.RC2.jar
2016-09-21 11:36:20.310+0000 INFO  [o.n.k.i.DiagnosticsManager]  [classpath + loader.0] file:/Users/Abir/.gradle/caches/modules-2/files-2.1/org.neo4j/neo4j-resource/3.0.2/c09a1dbce6a175810123b0259f22bcd8f9ab794/neo4j-resource-3.0.2.jar
2016-09-21 11:36:20.310+0000 INFO  [o.n.k.i.DiagnosticsManager]  [classpath + loader.0] file:/Users/Abir/.gradle/caches/modules-2/files-2.1/org.grails/grails-datastore-gorm-hibernate5/6.0.0.RC2/72b07ec34e43ad529eac50d2e8bbb62f6b98ea1b/grails-datastore-gorm-hibernate5-6.0.0.RC2.jar
2016-09-21 11:36:20.310+0000 INFO  [o.n.k.i.DiagnosticsManager]  [classpath + loader.0] file:/Users/Abir/.gradle/caches/modules-2/files-2.1/org.neo4j.app/neo4j-server/3.0.2/67e31f69ffd216f915145e731250ee15f74c42b3/neo4j-server-3.0.2.jar
2016-09-21 11:36:20.310+0000 INFO  [o.n.k.i.DiagnosticsManager]  [classpath + loader.0] file:/Users/Abir/.gradle/caches/modules-2/files-2.1/org.codehaus.jsr166-mirror/jsr166y/1.7.0/8547fcb1c29b4f8c745c3f49a536aca58fc30f54/jsr166y-1.7.0.jar
2016-09-21 11:36:20.310+0000 INFO  [o.n.k.i.DiagnosticsManager]  [classpath + loader.0] file:/Users/Abir/.gradle/caches/modules-2/files-2.1/org.neo4j/neo4j-graphdb-api/3.0.2/e4356c54c3df6ddac5763164abaaaa1dc5addc68/neo4j-graphdb-api-3.0.2.jar
2016-09-21 11:36:20.310+0000 INFO  [o.n.k.i.DiagnosticsManager]  [classpath + loader.0] file:/Users/Abir/.m2/repository/javax/validation/validation-api/1.1.0.Final/validation-api-1.1.0.Final.jar
2016-09-21 11:36:20.310+0000 INFO  [o.n.k.i.DiagnosticsManager]  [classpath + loader.0] file:/Users/Abir/.gradle/caches/modules-2/files-2.1/org.grails/grails-web-common/3.2.0.RC2/ade1613c39fd0f7955f2722d9d43c5d37317247a/grails-web-common-3.2.0.RC2.jar
2016-09-21 11:36:20.310+0000 INFO  [o.n.k.i.DiagnosticsManager]  [classpath + loader.0] file:/Users/Abir/.gradle/caches/modules-2/files-2.1/javax.el/javax.el-api/2.2.4/1287562cc3f0ff5439ded6f2949e73ce1c0edaab/javax.el-api-2.2.4.jar
2016-09-21 11:36:20.310+0000 INFO  [o.n.k.i.DiagnosticsManager]  [classpath + loader.0] file:/Users/Abir/.gradle/caches/modules-2/files-2.1/org.grails/grails-async/3.2.0.RC2/bb2d0869bb5730b99b8893b34b82f4d3b96c4751/grails-async-3.2.0.RC2.jar
2016-09-21 11:36:20.310+0000 INFO  [o.n.k.i.DiagnosticsManager]  [classpath + loader.0] file:/Users/Abir/.gradle/caches/modules-2/files-2.1/org.grails/grails-plugin-services/3.2.0.RC2/a20787fda2c95a04db60fca46688afdc5c82d77c/grails-plugin-services-3.2.0.RC2.jar
2016-09-21 11:36:20.310+0000 INFO  [o.n.k.i.DiagnosticsManager]  [classpath + loader.0] file:/Users/Abir/.gradle/caches/modules-2/files-2.1/org.grails/grails-datastore-gorm-validation/6.0.0.RC2/ec997bcf7b4e53e6ed429d36f97e09a400c9e357/grails-datastore-gorm-validation-6.0.0.RC2.jar
2016-09-21 11:36:20.310+0000 INFO  [o.n.k.i.DiagnosticsManager]  [classpath + loader.0] file:/Users/Abir/.gradle/caches/modules-2/files-2.1/org.neo4j/neo4j-kernel/3.0.2/d83e634e312c2251052c053259d9de81fb0e6af6/neo4j-kernel-3.0.2-tests.jar
2016-09-21 11:36:20.310+0000 INFO  [o.n.k.i.DiagnosticsManager]  [classpath + loader.0] file:/Users/Abir/.gradle/caches/modules-2/files-2.1/io.projectreactor/reactor-bus/2.0.8.RELEASE/dea2861087164495584ac4a01835e665dc0a32a2/reactor-bus-2.0.8.RELEASE.jar
2016-09-21 11:36:20.310+0000 INFO  [o.n.k.i.DiagnosticsManager]  [classpath + loader.0] file:/Users/Abir/.gradle/caches/modules-2/files-2.1/commons-beanutils/commons-beanutils/1.9.2/7a87d845ad3a155297e8f67d9008f4c1e5656b71/commons-beanutils-1.9.2.jar
2016-09-21 11:36:20.310+0000 INFO  [o.n.k.i.DiagnosticsManager]  [classpath + loader.0] file:/Users/Abir/.gradle/caches/modules-2/files-2.1/org.grails/grails-plugin-datasource/3.2.0.RC2/e520276ef20dc377737eec597752fc7db817b1bd/grails-plugin-datasource-3.2.0.RC2.jar
2016-09-21 11:36:20.310+0000 INFO  [o.n.k.i.DiagnosticsManager]  [classpath + loader.0] file:/Users/Abir/.gradle/caches/modules-2/files-2.1/org.grails/grails-core/3.2.0.RC2/9946002150eb032ff94a968801b6995f0cb11827/grails-core-3.2.0.RC2.jar
2016-09-21 11:36:20.310+0000 INFO  [o.n.k.i.DiagnosticsManager]  [classpath + loader.0] file:/Users/Abir/.gradle/caches/modules-2/files-2.1/org.neo4j/neo4j-udc/3.0.2/d14581096d0509c5dc678136474c8870c02b9fc/neo4j-udc-3.0.2.jar
2016-09-21 11:36:20.310+0000 INFO  [o.n.k.i.DiagnosticsManager]  [classpath + loader.0] file:/Users/Abir/.gradle/caches/modules-2/files-2.1/org.hibernate.common/hibernate-commons-annotations/5.0.1.Final/71e1cff3fcb20d3b3af4f3363c3ddb24d33c6879/hibernate-commons-annotations-5.0.1.Final.jar
2016-09-21 11:36:20.310+0000 INFO  [o.n.k.i.DiagnosticsManager]  [loader.1] file:/Library/Java/JavaVirtualMachines/jdk1.8.0_60.jdk/Contents/Home/jre/lib/ext/jfxrt.jar
2016-09-21 11:36:20.310+0000 INFO  [o.n.k.i.DiagnosticsManager]  [classpath + loader.0] file:/Users/Abir/.m2/repository/commons-logging/commons-logging/1.2/commons-logging-1.2.jar
2016-09-21 11:36:20.310+0000 INFO  [o.n.k.i.DiagnosticsManager]  [classpath + loader.0] file:/Users/Abir/.gradle/caches/modules-2/files-2.1/org.neo4j/neo4j-primitive-collections/3.0.2/1baf1577ce7241fbae8baddabe7bba9e4f87ddcc/neo4j-primitive-collections-3.0.2.jar
2016-09-21 11:36:20.310+0000 INFO  [o.n.k.i.DiagnosticsManager]  [classpath + loader.0] file:/Users/Abir/.gradle/caches/modules-2/files-2.1/org.springframework/spring-orm/4.3.2.RELEASE/1afea599c72aef7362b469a5b322e3e7e37d0dfc/spring-orm-4.3.2.RELEASE.jar
2016-09-21 11:36:20.310+0000 INFO  [o.n.k.i.DiagnosticsManager]  [classpath + loader.0] file:/Users/Abir/.gradle/caches/modules-2/files-2.1/org.grails/grails-validation/3.2.0.RC2/f920c79a86ae164b38b4cd99530c0ec659d9a7e0/grails-validation-3.2.0.RC2.jar
2016-09-21 11:36:20.310+0000 INFO  [o.n.k.i.DiagnosticsManager]  [bootstrap] /Library/Java/JavaVirtualMachines/jdk1.8.0_60.jdk/Contents/Home/jre/lib/sunrsasign.jar
2016-09-21 11:36:20.311+0000 INFO  [o.n.k.i.DiagnosticsManager]  [classpath + loader.0] file:/Users/Abir/.gradle/caches/modules-2/files-2.1/org.apache.tomcat/tomcat-jdbc/8.5.4/bebaa475e69c649dcd9616bd204712cfd8551321/tomcat-jdbc-8.5.4.jar
2016-09-21 11:36:20.311+0000 INFO  [o.n.k.i.DiagnosticsManager]  [classpath + loader.0] file:/Users/Abir/.gradle/caches/modules-2/files-2.1/org.springframework/spring-aop/4.3.2.RELEASE/caef216e995f565dd4ab165ec5918ff44487615d/spring-aop-4.3.2.RELEASE.jar
2016-09-21 11:36:20.311+0000 INFO  [o.n.k.i.DiagnosticsManager]  [classpath + loader.0] file:/Users/Abir/.gradle/caches/modules-2/files-2.1/io.projectreactor/reactor-core/2.0.8.RELEASE/c39f1a80fcc6e92a527d162186fb57833b1dfc3b/reactor-core-2.0.8.RELEASE.jar
2016-09-21 11:36:20.311+0000 INFO  [o.n.k.i.DiagnosticsManager]  [loader.1] file:/Library/Java/JavaVirtualMachines/jdk1.8.0_60.jdk/Contents/Home/jre/lib/ext/jaccess.jar
2016-09-21 11:36:20.311+0000 INFO  [o.n.k.i.DiagnosticsManager]  [classpath + loader.0] file:/Users/Abir/.gradle/caches/modules-2/files-2.1/org.grails/grails-web/3.2.0.RC2/9eb0806cfecf1348c2162449c382541699e978a4/grails-web-3.2.0.RC2.jar
2016-09-21 11:36:20.311+0000 INFO  [o.n.k.i.DiagnosticsManager]  [classpath + loader.0] file:/Users/Abir/.gradle/caches/modules-2/files-2.1/org.hibernate/hibernate-validator/5.2.4.Final/fb18766b576aa6632bcfe9a20a023cbd52bf9769/hibernate-validator-5.2.4.Final.jar
2016-09-21 11:36:20.311+0000 INFO  [o.n.k.i.DiagnosticsManager]  [classpath + loader.0] file:/Users/Abir/.gradle/caches/modules-2/files-2.1/com.fasterxml.jackson.core/jackson-core/2.8.1/fd13b1c033741d48291315c6370f7d475a42dccf/jackson-core-2.8.1.jar
2016-09-21 11:36:20.311+0000 INFO  [o.n.k.i.DiagnosticsManager]  [classpath + loader.0] file:/Users/Abir/.gradle/caches/modules-2/files-2.1/org.neo4j.app/neo4j-server/3.0.2/308c066bfabc00c6add619d57e88bd19bb0f6faa/neo4j-server-3.0.2-tests.jar
2016-09-21 11:36:20.311+0000 INFO  [o.n.k.i.DiagnosticsManager]  [classpath + loader.0] file:/Users/Abir/.gradle/caches/modules-2/files-2.1/com.sun.jersey/jersey-client/1.19/6836ee36dba2b3ac1d0ff4733129fba8aba7f963/jersey-client-1.19.jar
2016-09-21 11:36:20.311+0000 INFO  [o.n.k.i.DiagnosticsManager]  [classpath + loader.0] file:/Users/Abir/.gradle/caches/modules-2/files-2.1/com.sun.jersey/jersey-core/1.19/9a0619e2c514a79b610f17cadaae619c0a08d6a6/jersey-core-1.19.jar
2016-09-21 11:36:20.311+0000 INFO  [o.n.k.i.DiagnosticsManager]  [classpath + loader.0] file:/Users/Abir/.gradle/caches/modules-2/files-2.1/org.neo4j/neo4j-logging/3.0.2/e76456c24d4ac23722a445e31fa10f206071bb4d/neo4j-logging-3.0.2.jar
2016-09-21 11:36:20.311+0000 INFO  [o.n.k.i.DiagnosticsManager]  [classpath + loader.0] file:/Users/Abir/.gradle/caches/modules-2/files-2.1/org.javassist/javassist/3.20.0-GA/a9cbcdfb7e9f86fbc74d3afae65f2248bfbf82a0/javassist-3.20.0-GA.jar
2016-09-21 11:36:20.311+0000 INFO  [o.n.k.i.DiagnosticsManager]  [classpath + loader.0] file:/Users/Abir/.gradle/caches/modules-2/files-2.1/org.eclipse.jetty/jetty-xml/9.3.11.v20160721/5f3acb69e7f1b324b7827e96362bd33f0ec5afd5/jetty-xml-9.3.11.v20160721.jar
2016-09-21 11:36:20.311+0000 INFO  [o.n.k.i.DiagnosticsManager]  [classpath + loader.0] file:/Users/Abir/.gradle/caches/modules-2/files-2.1/org.eclipse.jetty/jetty-security/9.3.11.v20160721/1cbefc5d1196b9e1ca6f4cc36738998a6ebde8bf/jetty-security-9.3.11.v20160721.jar
2016-09-21 11:36:20.311+0000 INFO  [o.n.k.i.DiagnosticsManager]  [loader.1] file:/Library/Java/JavaVirtualMachines/jdk1.8.0_60.jdk/Contents/Home/jre/lib/ext/zipfs.jar
2016-09-21 11:36:20.311+0000 INFO  [o.n.k.i.DiagnosticsManager]  [classpath + loader.0] file:/Users/Abir/.gradle/caches/modules-2/files-2.1/org.slf4j/slf4j-api/1.7.21/139535a69a4239db087de9bab0bee568bf8e0b70/slf4j-api-1.7.21.jar
2016-09-21 11:36:20.311+0000 INFO  [o.n.k.i.DiagnosticsManager]  [classpath + loader.0] file:/Users/Abir/.gradle/caches/modules-2/files-2.1/org.grails/grails-plugin-url-mappings/3.2.0.RC2/fe390f08fe759e1dcbc4bc67a3426db88ff5e7b9/grails-plugin-url-mappings-3.2.0.RC2.jar
2016-09-21 11:36:20.311+0000 INFO  [o.n.k.i.DiagnosticsManager]  [classpath + loader.0] file:/Users/Abir/.gradle/caches/modules-2/files-2.1/org.grails.plugins/fields/2.1.3/8cb2bf3e7dd767098d05bb3a67bc38fa4dc47c3e/fields-2.1.3.jar
2016-09-21 11:36:20.311+0000 INFO  [o.n.k.i.DiagnosticsManager]  [classpath + loader.0] file:/Users/Abir/.gradle/caches/modules-2/files-2.1/org.neo4j/neo4j-cypher-frontend-3.0/3.0.2/97d3af40b869870accbf960b59ce5885cadc17cf/neo4j-cypher-frontend-3.0-3.0.2.jar
2016-09-21 11:36:20.311+0000 INFO  [o.n.k.i.DiagnosticsManager]  [loader.1] file:/Library/Java/JavaVirtualMachines/jdk1.8.0_60.jdk/Contents/Home/jre/lib/ext/sunpkcs11.jar
2016-09-21 11:36:20.311+0000 INFO  [o.n.k.i.DiagnosticsManager] Library path:
2016-09-21 11:36:20.311+0000 INFO  [o.n.k.i.DiagnosticsManager] /Users/Abir/Library/Java/Extensions
2016-09-21 11:36:20.311+0000 INFO  [o.n.k.i.DiagnosticsManager] /Library/Java/Extensions
2016-09-21 11:36:20.311+0000 INFO  [o.n.k.i.DiagnosticsManager] /Network/Library/Java/Extensions
2016-09-21 11:36:20.311+0000 INFO  [o.n.k.i.DiagnosticsManager] /System/Library/Java/Extensions
2016-09-21 11:36:20.311+0000 INFO  [o.n.k.i.DiagnosticsManager] /usr/lib/java
2016-09-21 11:36:20.311+0000 INFO  [o.n.k.i.DiagnosticsManager] /Users/Abir/ProjectY
2016-09-21 11:36:20.311+0000 INFO  [o.n.k.i.DiagnosticsManager] System.properties:
2016-09-21 11:36:20.311+0000 INFO  [o.n.k.i.DiagnosticsManager] org.grails.MAIN_CLASS_NAME = projecty.Application
2016-09-21 11:36:20.311+0000 INFO  [o.n.k.i.DiagnosticsManager] sun.java.launcher = SUN_STANDARD
2016-09-21 11:36:20.311+0000 INFO  [o.n.k.i.DiagnosticsManager] sun.management.compiler = HotSpot 64-Bit Tiered Compilers
2016-09-21 11:36:20.311+0000 INFO  [o.n.k.i.DiagnosticsManager] verbose = false
2016-09-21 11:36:20.311+0000 INFO  [o.n.k.i.DiagnosticsManager] grails.env = development
2016-09-21 11:36:20.311+0000 INFO  [o.n.k.i.DiagnosticsManager] endpoints.shutdown.enabled = true
2016-09-21 11:36:20.311+0000 INFO  [o.n.k.i.DiagnosticsManager] info.app.grailsVersion = 3.2.0.RC2
2016-09-21 11:36:20.311+0000 INFO  [o.n.k.i.DiagnosticsManager] user.name = Abir
2016-09-21 11:36:20.311+0000 INFO  [o.n.k.i.DiagnosticsManager] user.language = en
2016-09-21 11:36:20.311+0000 INFO  [o.n.k.i.DiagnosticsManager] grails.env.standalone = true
2016-09-21 11:36:20.311+0000 INFO  [o.n.k.i.DiagnosticsManager] jdk.reflect.allowGetCallerClass = true
2016-09-21 11:36:20.312+0000 INFO  [o.n.k.i.DiagnosticsManager] sun.boot.library.path = /Library/Java/JavaVirtualMachines/jdk1.8.0_60.jdk/Contents/Home/jre/lib
2016-09-21 11:36:20.312+0000 INFO  [o.n.k.i.DiagnosticsManager] PID = 30684
2016-09-21 11:36:20.312+0000 INFO  [o.n.k.i.DiagnosticsManager] user.timezone = America/Phoenix
2016-09-21 11:36:20.312+0000 INFO  [o.n.k.i.DiagnosticsManager] sun.arch.data.model = 64
2016-09-21 11:36:20.312+0000 INFO  [o.n.k.i.DiagnosticsManager] http.nonProxyHosts = local|*.local|169.254/16|*.169.254/16
2016-09-21 11:36:20.312+0000 INFO  [o.n.k.i.DiagnosticsManager] sun.cpu.isalist = 
2016-09-21 11:36:20.312+0000 INFO  [o.n.k.i.DiagnosticsManager] sun.jnu.encoding = UTF-8
2016-09-21 11:36:20.312+0000 INFO  [o.n.k.i.DiagnosticsManager] file.encoding.pkg = sun.io
2016-09-21 11:36:20.312+0000 INFO  [o.n.k.i.DiagnosticsManager] file.separator = /
2016-09-21 11:36:20.312+0000 INFO  [o.n.k.i.DiagnosticsManager] env = development
2016-09-21 11:36:20.312+0000 INFO  [o.n.k.i.DiagnosticsManager] grails.full.stacktrace = false
2016-09-21 11:36:20.312+0000 INFO  [o.n.k.i.DiagnosticsManager] user.country = US
2016-09-21 11:36:20.312+0000 INFO  [o.n.k.i.DiagnosticsManager] info.app.version = 0.1
2016-09-21 11:36:20.312+0000 INFO  [o.n.k.i.DiagnosticsManager] path.separator = :
2016-09-21 11:36:20.312+0000 INFO  [o.n.k.i.DiagnosticsManager] org.jboss.logging.provider = slf4j
2016-09-21 11:36:20.312+0000 INFO  [o.n.k.i.DiagnosticsManager] user.variant = 
2016-09-21 11:36:20.312+0000 INFO  [o.n.k.i.DiagnosticsManager] sun.io.unicode.encoding = UnicodeBig
2016-09-21 11:36:20.312+0000 INFO  [o.n.k.i.DiagnosticsManager] awt.toolkit = sun.lwawt.macosx.LWCToolkit
2016-09-21 11:36:20.312+0000 INFO  [o.n.k.i.DiagnosticsManager] socksNonProxyHosts = local|*.local|169.254/16|*.169.254/16
2016-09-21 11:36:20.312+0000 INFO  [o.n.k.i.DiagnosticsManager] ftp.nonProxyHosts = local|*.local|169.254/16|*.169.254/16
2016-09-21 11:36:20.312+0000 INFO  [o.n.k.i.DiagnosticsManager] user.home = /Users/Abir
2016-09-21 11:36:20.312+0000 INFO  [o.n.k.i.DiagnosticsManager] springloaded = inclusions=grails.plugins..*;synchronize=true;allowSplitPackages=true;cacheDir=/Users/Abir/ProjectY/build/springloaded
2016-09-21 11:36:20.312+0000 INFO  [o.n.k.i.DiagnosticsManager] spring.beaninfo.ignore = true
2016-09-21 11:36:20.312+0000 INFO  [o.n.k.i.DiagnosticsManager] gopherProxySet = false
2016-09-21 11:36:20.312+0000 INFO  [o.n.k.i.DiagnosticsManager] sun.java.command = projecty.Application
2016-09-21 11:36:20.312+0000 INFO  [o.n.k.i.DiagnosticsManager] sun.cpu.endian = little
2016-09-21 11:36:20.312+0000 INFO  [o.n.k.i.DiagnosticsManager] sun.os.patch.level = unknown
2016-09-21 11:36:20.312+0000 INFO  [o.n.k.i.DiagnosticsManager] run.active = true
2016-09-21 11:36:20.312+0000 INFO  [o.n.k.i.DiagnosticsManager] user.dir = /Users/Abir/ProjectY
2016-09-21 11:36:20.312+0000 INFO  [o.n.k.i.DiagnosticsManager] file.encoding = UTF-8
2016-09-21 11:36:20.312+0000 INFO  [o.n.k.i.DiagnosticsManager] full.stacktrace = false
2016-09-21 11:36:20.312+0000 INFO  [o.n.k.i.DiagnosticsManager] info.app.name = ProjectY
2016-09-21 11:36:20.312+0000 INFO  [o.n.k.i.DiagnosticsManager] Network information:
2016-09-21 11:36:20.313+0000 INFO  [o.n.k.i.DiagnosticsManager] Interface awdl0:
2016-09-21 11:36:20.313+0000 INFO  [o.n.k.i.DiagnosticsManager]     address: fe80:0:0:0:d838:a7ff:fe47:76d4%awdl0
2016-09-21 11:36:20.313+0000 INFO  [o.n.k.i.DiagnosticsManager] Interface en0:
2016-09-21 11:36:20.313+0000 INFO  [o.n.k.i.DiagnosticsManager]     address: fe80:0:0:0:3636:3bff:fe74:23a2%en0
2016-09-21 11:36:20.313+0000 INFO  [o.n.k.i.DiagnosticsManager]     address: 192.168.0.11
2016-09-21 11:36:20.313+0000 INFO  [o.n.k.i.DiagnosticsManager] Interface lo0:
2016-09-21 11:36:20.313+0000 INFO  [o.n.k.i.DiagnosticsManager]     address: fe80:0:0:0:0:0:0:1%lo0
2016-09-21 11:36:20.313+0000 INFO  [o.n.k.i.DiagnosticsManager]     address: 0:0:0:0:0:0:0:1
2016-09-21 11:36:20.313+0000 INFO  [o.n.k.i.DiagnosticsManager]     address: 127.0.0.1
2016-09-21 11:36:20.313+0000 INFO  [o.n.k.i.DiagnosticsManager] --- INITIALIZED diagnostics END ---
2016-09-21 11:36:20.630+0000 INFO  [o.n.b.v.r.Sessions] Bolt Server extension loaded.
2016-09-21 11:36:20.630+0000 INFO  [o.n.b.v.r.Sessions] Bolt enabled on localhost:7688.
2016-09-21 11:36:22.794+0000 INFO  [o.n.k.a.i.l.LuceneLabelScanStore] No lucene scan store index found, this might just be first use. Preparing to rebuild.
2016-09-21 11:36:23.518+0000 INFO  [o.n.k.NeoStoreDataSource] Opened logical log [/Users/Abir/ProjectY/data/neo4j/databases/graph.db/neostore.transaction.db.0] version=0, lastTxId=1 (clean)
2016-09-21 11:36:23.578+0000 WARN  [o.n.k.i.s.MetaDataStore] Missing counts store, rebuilding it.
2016-09-21 11:36:24.047+0000 INFO  [o.n.k.a.i.l.LuceneLabelScanStore] Rebuilding lucene scan store, this may take a while
2016-09-21 11:36:24.102+0000 INFO  [o.n.k.a.i.l.LuceneLabelScanStore] Lucene scan store rebuilt (roughly 0 nodes)
2016-09-21 11:36:24.115+0000 INFO  [o.n.k.i.DatabaseHealth] Database health set to OK
2016-09-21 11:36:29.908+0000 INFO  [o.n.k.AvailabilityGuard] Fulfilling of requirement makes database available: Database available
2016-09-21 11:36:29.910+0000 INFO  [o.n.k.i.f.CommunityFacadeFactory] Database is now ready
2016-09-21 11:36:29.914+0000 INFO  [o.n.k.i.DiagnosticsManager] --- STARTED diagnostics for KernelDiagnostics:Versions START ---
2016-09-21 11:36:29.914+0000 INFO  [o.n.k.i.DiagnosticsManager] Graph Database: community single StoreId{creationTime=1474457781661, randomId=6117660407978623760, storeVersion=15531981201765894, upgradeTime=1474457781661, upgradeId=1}
2016-09-21 11:36:29.914+0000 INFO  [o.n.k.i.DiagnosticsManager] Kernel version: 3.0.2,28ba247
2016-09-21 11:36:29.914+0000 INFO  [o.n.k.i.DiagnosticsManager] --- STARTED diagnostics for KernelDiagnostics:Versions END ---
2016-09-21 11:36:29.922+0000 INFO  [o.n.k.i.DiagnosticsManager] --- STARTED diagnostics for NEO_STORE_VERSIONS START ---
2016-09-21 11:36:29.922+0000 INFO  [o.n.k.i.DiagnosticsManager] Store versions:
2016-09-21 11:36:29.922+0000 INFO  [o.n.k.i.DiagnosticsManager] Store versions:
2016-09-21 11:36:29.922+0000 INFO  [o.n.k.i.DiagnosticsManager]   ArrayPropertyStore v0.A.7
2016-09-21 11:36:29.923+0000 INFO  [o.n.k.i.DiagnosticsManager]   NodeStore v0.A.7
2016-09-21 11:36:29.923+0000 INFO  [o.n.k.i.DiagnosticsManager]   StringPropertyStore v0.A.7
2016-09-21 11:36:29.923+0000 INFO  [o.n.k.i.DiagnosticsManager]   PropertyIndexStore v0.A.7
2016-09-21 11:36:29.923+0000 INFO  [o.n.k.i.DiagnosticsManager]   StringPropertyStore v0.A.7
2016-09-21 11:36:29.923+0000 INFO  [o.n.k.i.DiagnosticsManager]   ArrayPropertyStore v0.A.7
2016-09-21 11:36:29.923+0000 INFO  [o.n.k.i.DiagnosticsManager]   PropertyStore v0.A.7
2016-09-21 11:36:29.923+0000 INFO  [o.n.k.i.DiagnosticsManager]   RelationshipStore v0.A.7
2016-09-21 11:36:29.923+0000 INFO  [o.n.k.i.DiagnosticsManager]   StringPropertyStore v0.A.7
2016-09-21 11:36:29.923+0000 INFO  [o.n.k.i.DiagnosticsManager]   RelationshipTypeStore v0.A.7
2016-09-21 11:36:29.924+0000 INFO  [o.n.k.i.DiagnosticsManager]   StringPropertyStore v0.A.7
2016-09-21 11:36:29.924+0000 INFO  [o.n.k.i.DiagnosticsManager]   LabelTokenStore v0.A.7
2016-09-21 11:36:29.924+0000 INFO  [o.n.k.i.DiagnosticsManager]   SchemaStore v0.A.7
2016-09-21 11:36:29.924+0000 INFO  [o.n.k.i.DiagnosticsManager]   RelationshipGroupStore v0.A.7
2016-09-21 11:36:29.924+0000 INFO  [o.n.k.i.DiagnosticsManager]   NeoStore v0.A.7
2016-09-21 11:36:29.924+0000 INFO  [o.n.k.i.DiagnosticsManager] --- STARTED diagnostics for NEO_STORE_VERSIONS END ---
2016-09-21 11:36:29.924+0000 INFO  [o.n.k.i.DiagnosticsManager] --- STARTED diagnostics for NEO_STORE_ID_USAGE START ---
2016-09-21 11:36:29.924+0000 INFO  [o.n.k.i.DiagnosticsManager] Id usage:
2016-09-21 11:36:29.924+0000 INFO  [o.n.k.i.DiagnosticsManager] Id usage:
2016-09-21 11:36:29.925+0000 INFO  [o.n.k.i.DiagnosticsManager]   ArrayPropertyStore: used=1 high=0
2016-09-21 11:36:29.925+0000 INFO  [o.n.k.i.DiagnosticsManager]   NodeStore: used=0 high=-1
2016-09-21 11:36:29.925+0000 INFO  [o.n.k.i.DiagnosticsManager]   StringPropertyStore: used=1 high=0
2016-09-21 11:36:29.925+0000 INFO  [o.n.k.i.DiagnosticsManager]   PropertyIndexStore: used=0 high=-1
2016-09-21 11:36:29.925+0000 INFO  [o.n.k.i.DiagnosticsManager]   StringPropertyStore: used=1 high=0
2016-09-21 11:36:29.925+0000 INFO  [o.n.k.i.DiagnosticsManager]   ArrayPropertyStore: used=1 high=0
2016-09-21 11:36:29.925+0000 INFO  [o.n.k.i.DiagnosticsManager]   PropertyStore: used=0 high=-1
2016-09-21 11:36:29.925+0000 INFO  [o.n.k.i.DiagnosticsManager]   RelationshipStore: used=0 high=-1
2016-09-21 11:36:29.925+0000 INFO  [o.n.k.i.DiagnosticsManager]   StringPropertyStore: used=1 high=0
2016-09-21 11:36:29.926+0000 INFO  [o.n.k.i.DiagnosticsManager]   RelationshipTypeStore: used=0 high=-1
2016-09-21 11:36:29.926+0000 INFO  [o.n.k.i.DiagnosticsManager]   StringPropertyStore: used=1 high=0
2016-09-21 11:36:29.926+0000 INFO  [o.n.k.i.DiagnosticsManager]   LabelTokenStore: used=0 high=-1
2016-09-21 11:36:29.926+0000 INFO  [o.n.k.i.DiagnosticsManager]   SchemaStore: used=1 high=0
2016-09-21 11:36:29.926+0000 INFO  [o.n.k.i.DiagnosticsManager]   RelationshipGroupStore: used=1 high=0
2016-09-21 11:36:29.926+0000 INFO  [o.n.k.i.DiagnosticsManager]   NeoStore: used=13 high=12
2016-09-21 11:36:29.926+0000 INFO  [o.n.k.i.DiagnosticsManager] --- STARTED diagnostics for NEO_STORE_ID_USAGE END ---
2016-09-21 11:36:29.926+0000 INFO  [o.n.k.i.DiagnosticsManager] --- STARTED diagnostics for NEO_STORE_RECORDS START ---
2016-09-21 11:36:29.926+0000 INFO  [o.n.k.i.DiagnosticsManager] Neostore records:
2016-09-21 11:36:29.929+0000 INFO  [o.n.k.i.DiagnosticsManager] TIME (Creation time): 1474457781661
2016-09-21 11:36:29.929+0000 INFO  [o.n.k.i.DiagnosticsManager] RANDOM_NUMBER (Random number for store id): 6117660407978623760
2016-09-21 11:36:29.929+0000 INFO  [o.n.k.i.DiagnosticsManager] LOG_VERSION (Current log version): 0
2016-09-21 11:36:29.929+0000 INFO  [o.n.k.i.DiagnosticsManager] LAST_TRANSACTION_ID (Last committed transaction): 1
2016-09-21 11:36:29.929+0000 INFO  [o.n.k.i.DiagnosticsManager] STORE_VERSION (Store format version): 15531981201765894
2016-09-21 11:36:29.929+0000 INFO  [o.n.k.i.DiagnosticsManager] FIRST_GRAPH_PROPERTY (First property record containing graph properties): -1
2016-09-21 11:36:29.929+0000 INFO  [o.n.k.i.DiagnosticsManager] LAST_CONSTRAINT_TRANSACTION (Last committed transaction containing constraint changes): 0
2016-09-21 11:36:29.930+0000 INFO  [o.n.k.i.DiagnosticsManager] UPGRADE_TRANSACTION_ID (Transaction id most recent upgrade was performed at): 1
2016-09-21 11:36:29.930+0000 INFO  [o.n.k.i.DiagnosticsManager] UPGRADE_TIME (Time of last upgrade): 1474457781661
2016-09-21 11:36:29.930+0000 INFO  [o.n.k.i.DiagnosticsManager] LAST_TRANSACTION_CHECKSUM (Checksum of last committed transaction): 0
2016-09-21 11:36:29.930+0000 INFO  [o.n.k.i.DiagnosticsManager] UPGRADE_TRANSACTION_CHECKSUM (Checksum of transaction id the most recent upgrade was performed at): 0
2016-09-21 11:36:29.930+0000 INFO  [o.n.k.i.DiagnosticsManager] LAST_CLOSED_TRANSACTION_LOG_VERSION (Log version where the last transaction commit entry has been written into): 0
2016-09-21 11:36:29.930+0000 INFO  [o.n.k.i.DiagnosticsManager] LAST_CLOSED_TRANSACTION_LOG_BYTE_OFFSET (Byte offset in the log file where the last transaction commit entry has been written into): 16
2016-09-21 11:36:29.930+0000 INFO  [o.n.k.i.DiagnosticsManager] --- STARTED diagnostics for NEO_STORE_RECORDS END ---
2016-09-21 11:36:29.933+0000 INFO  [o.n.k.i.DiagnosticsManager] --- STARTED diagnostics for TRANSACTION_RANGE START ---
2016-09-21 11:36:29.933+0000 INFO  [o.n.k.i.DiagnosticsManager] Transaction log:
2016-09-21 11:36:29.935+0000 INFO  [o.n.k.i.DiagnosticsManager] No transactions found in any log
2016-09-21 11:36:29.935+0000 INFO  [o.n.k.i.DiagnosticsManager] --- STARTED diagnostics for TRANSACTION_RANGE END ---
2016-09-21 11:36:29.935+0000 INFO  [o.n.k.i.DiagnosticsManager] --- STARTED diagnostics for KernelDiagnostics:StoreFiles START ---
2016-09-21 11:36:29.935+0000 INFO  [o.n.k.i.DiagnosticsManager] Disk space on partition (Total / Free / Free %): 120108089344 / 27311734784 / 22
Storage files: (filename : modification date - size)
2016-09-21 11:36:29.936+0000 INFO  [o.n.k.i.DiagnosticsManager]   index:
2016-09-21 11:36:29.937+0000 INFO  [o.n.k.i.DiagnosticsManager]   - Total: 2016-09-21T04:36:22-0700 - 0.00 B
2016-09-21 11:36:29.937+0000 INFO  [o.n.k.i.DiagnosticsManager]   logs:
2016-09-21 11:36:29.937+0000 INFO  [o.n.k.i.DiagnosticsManager]     debug.log: 2016-09-21T04:36:29-0700 - 76.83 kB
2016-09-21 11:36:29.937+0000 INFO  [o.n.k.i.DiagnosticsManager]   - Total: 2016-09-21T04:36:19-0700 - 76.83 kB
2016-09-21 11:36:29.938+0000 INFO  [o.n.k.i.DiagnosticsManager]   neostore: 2016-09-21T04:36:21-0700 - 8.00 kB
2016-09-21 11:36:29.938+0000 INFO  [o.n.k.i.DiagnosticsManager]   neostore.counts.db.a: 2016-09-21T04:36:24-0700 - 96.00 B
2016-09-21 11:36:29.938+0000 INFO  [o.n.k.i.DiagnosticsManager]   neostore.id: 2016-09-21T04:36:21-0700 - 9.00 B
2016-09-21 11:36:29.938+0000 INFO  [o.n.k.i.DiagnosticsManager]   neostore.labeltokenstore.db: 2016-09-21T04:36:21-0700 - 0.00 B
2016-09-21 11:36:29.938+0000 INFO  [o.n.k.i.DiagnosticsManager]   neostore.labeltokenstore.db.id: 2016-09-21T04:36:21-0700 - 9.00 B
2016-09-21 11:36:29.938+0000 INFO  [o.n.k.i.DiagnosticsManager]   neostore.labeltokenstore.db.names: 2016-09-21T04:36:21-0700 - 8.00 kB
2016-09-21 11:36:29.938+0000 INFO  [o.n.k.i.DiagnosticsManager]   neostore.labeltokenstore.db.names.id: 2016-09-21T04:36:21-0700 - 9.00 B
2016-09-21 11:36:29.938+0000 INFO  [o.n.k.i.DiagnosticsManager]   neostore.nodestore.db: 2016-09-21T04:36:21-0700 - 0.00 B
2016-09-21 11:36:29.938+0000 INFO  [o.n.k.i.DiagnosticsManager]   neostore.nodestore.db.id: 2016-09-21T04:36:21-0700 - 9.00 B
2016-09-21 11:36:29.938+0000 INFO  [o.n.k.i.DiagnosticsManager]   neostore.nodestore.db.labels: 2016-09-21T04:36:21-0700 - 8.00 kB
2016-09-21 11:36:29.938+0000 INFO  [o.n.k.i.DiagnosticsManager]   neostore.nodestore.db.labels.id: 2016-09-21T04:36:21-0700 - 9.00 B
2016-09-21 11:36:29.939+0000 INFO  [o.n.k.i.DiagnosticsManager]   neostore.propertystore.db: 2016-09-21T04:36:21-0700 - 0.00 B
2016-09-21 11:36:29.939+0000 INFO  [o.n.k.i.DiagnosticsManager]   neostore.propertystore.db.arrays: 2016-09-21T04:36:21-0700 - 8.00 kB
2016-09-21 11:36:29.939+0000 INFO  [o.n.k.i.DiagnosticsManager]   neostore.propertystore.db.arrays.id: 2016-09-21T04:36:21-0700 - 9.00 B
2016-09-21 11:36:29.939+0000 INFO  [o.n.k.i.DiagnosticsManager]   neostore.propertystore.db.id: 2016-09-21T04:36:21-0700 - 9.00 B
2016-09-21 11:36:29.939+0000 INFO  [o.n.k.i.DiagnosticsManager]   neostore.propertystore.db.index: 2016-09-21T04:36:21-0700 - 0.00 B
2016-09-21 11:36:29.939+0000 INFO  [o.n.k.i.DiagnosticsManager]   neostore.propertystore.db.index.id: 2016-09-21T04:36:21-0700 - 9.00 B
2016-09-21 11:36:29.940+0000 INFO  [o.n.k.i.DiagnosticsManager]   neostore.propertystore.db.index.keys: 2016-09-21T04:36:21-0700 - 8.00 kB
2016-09-21 11:36:29.940+0000 INFO  [o.n.k.i.DiagnosticsManager]   neostore.propertystore.db.index.keys.id: 2016-09-21T04:36:21-0700 - 9.00 B
2016-09-21 11:36:29.940+0000 INFO  [o.n.k.i.DiagnosticsManager]   neostore.propertystore.db.strings: 2016-09-21T04:36:21-0700 - 8.00 kB
2016-09-21 11:36:29.940+0000 INFO  [o.n.k.i.DiagnosticsManager]   neostore.propertystore.db.strings.id: 2016-09-21T04:36:21-0700 - 9.00 B
2016-09-21 11:36:29.940+0000 INFO  [o.n.k.i.DiagnosticsManager]   neostore.relationshipgroupstore.db: 2016-09-21T04:36:21-0700 - 8.00 kB
2016-09-21 11:36:29.941+0000 INFO  [o.n.k.i.DiagnosticsManager]   neostore.relationshipgroupstore.db.id: 2016-09-21T04:36:21-0700 - 9.00 B
2016-09-21 11:36:29.941+0000 INFO  [o.n.k.i.DiagnosticsManager]   neostore.relationshipstore.db: 2016-09-21T04:36:21-0700 - 0.00 B
2016-09-21 11:36:29.941+0000 INFO  [o.n.k.i.DiagnosticsManager]   neostore.relationshipstore.db.id: 2016-09-21T04:36:21-0700 - 9.00 B
2016-09-21 11:36:29.941+0000 INFO  [o.n.k.i.DiagnosticsManager]   neostore.relationshiptypestore.db: 2016-09-21T04:36:21-0700 - 0.00 B
2016-09-21 11:36:29.941+0000 INFO  [o.n.k.i.DiagnosticsManager]   neostore.relationshiptypestore.db.id: 2016-09-21T04:36:21-0700 - 9.00 B
2016-09-21 11:36:29.941+0000 INFO  [o.n.k.i.DiagnosticsManager]   neostore.relationshiptypestore.db.names: 2016-09-21T04:36:21-0700 - 8.00 kB
2016-09-21 11:36:29.941+0000 INFO  [o.n.k.i.DiagnosticsManager]   neostore.relationshiptypestore.db.names.id: 2016-09-21T04:36:21-0700 - 9.00 B
2016-09-21 11:36:29.941+0000 INFO  [o.n.k.i.DiagnosticsManager]   neostore.schemastore.db: 2016-09-21T04:36:21-0700 - 8.00 kB
2016-09-21 11:36:29.941+0000 INFO  [o.n.k.i.DiagnosticsManager]   neostore.schemastore.db.id: 2016-09-21T04:36:21-0700 - 9.00 B
2016-09-21 11:36:29.942+0000 INFO  [o.n.k.i.DiagnosticsManager]   neostore.transaction.db.0: 2016-09-21T04:36:23-0700 - 16.00 B
2016-09-21 11:36:29.942+0000 INFO  [o.n.k.i.DiagnosticsManager]   schema:
2016-09-21 11:36:29.942+0000 INFO  [o.n.k.i.DiagnosticsManager]     label:
2016-09-21 11:36:29.942+0000 INFO  [o.n.k.i.DiagnosticsManager]       lucene:
2016-09-21 11:36:29.942+0000 INFO  [o.n.k.i.DiagnosticsManager]         labelStore:
2016-09-21 11:36:29.942+0000 INFO  [o.n.k.i.DiagnosticsManager]           1:
2016-09-21 11:36:29.943+0000 INFO  [o.n.k.i.DiagnosticsManager]             write.lock: 2016-09-21T04:36:23-0700 - 0.00 B
2016-09-21 11:36:29.943+0000 INFO  [o.n.k.i.DiagnosticsManager]           - Total: 2016-09-21T04:36:23-0700 - 0.00 B
2016-09-21 11:36:29.943+0000 INFO  [o.n.k.i.DiagnosticsManager]           failure-message: 2016-09-21T04:36:22-0700 - 16.00 kB
2016-09-21 11:36:29.943+0000 INFO  [o.n.k.i.DiagnosticsManager]         - Total: 2016-09-21T04:36:22-0700 - 16.00 kB
2016-09-21 11:36:29.943+0000 INFO  [o.n.k.i.DiagnosticsManager]       - Total: 2016-09-21T04:36:22-0700 - 16.00 kB
2016-09-21 11:36:29.943+0000 INFO  [o.n.k.i.DiagnosticsManager]     - Total: 2016-09-21T04:36:22-0700 - 16.00 kB
2016-09-21 11:36:29.943+0000 INFO  [o.n.k.i.DiagnosticsManager]   - Total: 2016-09-21T04:36:22-0700 - 16.00 kB
2016-09-21 11:36:29.943+0000 INFO  [o.n.k.i.DiagnosticsManager]   store_lock: 2016-09-21T04:36:20-0700 - 0.00 B
2016-09-21 11:36:29.944+0000 INFO  [o.n.k.i.DiagnosticsManager] --- STARTED diagnostics for KernelDiagnostics:StoreFiles END ---
2016-09-21 11:36:34.535+0000 WARN  [o.n.k.i.c.MonitorGc] GC Monitor: Application threads blocked for 1240ms.
2016-09-21 11:36:50.647+0000 INFO  [o.n.k.i.DiagnosticsManager] --- SERVER STARTED START ---
2016-09-21 11:36:55.372+0000 INFO  [o.n.k.i.DiagnosticsManager] --- SERVER STARTED END ---
2016-09-21 11:38:04.589+0000 WARN  [o.n.k.i.c.MonitorGc] GC Monitor: Application threads blocked for 223ms.
2016-09-21 11:39:30.389+0000 INFO  [o.n.k.i.f.CommunityFacadeFactory] Shutdown started
2016-09-21 11:39:30.399+0000 INFO  [o.n.k.i.f.CommunityFacadeFactory] Database is now unavailable
2016-09-21 11:39:30.466+0000 INFO  [o.n.k.i.t.l.c.CheckPointerImpl] Check Pointing triggered by database shutdown [1]:  Starting check pointing...
2016-09-21 11:39:30.467+0000 INFO  [o.n.k.i.t.l.c.CheckPointerImpl] Check Pointing triggered by database shutdown [1]:  Starting store flush...
2016-09-21 11:39:30.605+0000 INFO  [o.n.k.i.t.l.c.CheckPointerImpl] Check Pointing triggered by database shutdown [1]:  Store flush completed
2016-09-21 11:39:30.605+0000 INFO  [o.n.k.i.t.l.c.CheckPointerImpl] Check Pointing triggered by database shutdown [1]:  Starting appending check point entry into the tx log...
2016-09-21 11:39:30.615+0000 INFO  [o.n.k.i.t.l.c.CheckPointerImpl] Check Pointing triggered by database shutdown [1]:  Appending check point entry into the tx log completed
2016-09-21 11:39:30.615+0000 INFO  [o.n.k.i.t.l.c.CheckPointerImpl] Check Pointing triggered by database shutdown [1]:  Check pointing completed
2016-09-21 11:39:30.615+0000 INFO  [o.n.k.i.t.l.p.LogPruningImpl] Log Rotation [0]:  Starting log pruning.
2016-09-21 11:39:30.615+0000 INFO  [o.n.k.i.t.l.p.LogPruningImpl] Log Rotation [0]:  Log pruning complete.
2016-09-21 11:39:30.759+0000 INFO  [o.n.k.i.DiagnosticsManager] --- STOPPING diagnostics START ---
2016-09-21 11:39:30.761+0000 INFO  [o.n.k.i.DiagnosticsManager] --- STOPPING diagnostics END ---
